2026-03-12 17:40:34 - __main__ - INFO - Logging initialized. Log file: logs/ingestion_20260312_214034.log
2026-03-12 17:40:34 - __main__ - INFO - Starting unified data ingestion pipeline
2026-03-12 17:40:34 - __main__ - INFO - Loaded configuration from config/test_config.json
2026-03-12 17:40:34 - __main__ - INFO - === Starting GitHub data collection ===
2026-03-12 17:40:34 - __main__ - WARNING - Attempt 1/4 failed for run_all: GitHub token is required. Set GITHUB_TOKEN environment variable or pass token directly.. Retrying in 1.00s...
2026-03-12 17:40:35 - __main__ - WARNING - Attempt 2/4 failed for run_all: GitHub token is required. Set GITHUB_TOKEN environment variable or pass token directly.. Retrying in 2.00s...
2026-03-12 17:40:37 - __main__ - WARNING - Attempt 3/4 failed for run_all: GitHub token is required. Set GITHUB_TOKEN environment variable or pass token directly.. Retrying in 4.00s...
2026-03-12 17:40:41 - __main__ - ERROR - All 4 attempts failed for run_all: GitHub token is required. Set GITHUB_TOKEN environment variable or pass token directly.
2026-03-12 17:40:41 - __main__ - ERROR - GitHub collection failed: GitHub token is required. Set GITHUB_TOKEN environment variable or pass token directly.
2026-03-12 17:40:41 - __main__ - INFO - === Starting web data collection ===
2026-03-12 17:40:41 - selenium.webdriver.common.selenium_manager - DEBUG - Selenium Manager binary found at: /home/julien/Desktop/Free-Wiggum-opencode/venv/lib/python3.14/site-packages/selenium/webdriver/common/linux/selenium-manager
2026-03-12 17:40:41 - selenium.webdriver.common.selenium_manager - DEBUG - Executing process: /home/julien/Desktop/Free-Wiggum-opencode/venv/lib/python3.14/site-packages/selenium/webdriver/common/linux/selenium-manager --browser chrome --debug --language-binding python --output json
2026-03-12 17:40:41 - selenium.webdriver.common.selenium_manager - DEBUG - chromedriver not found in PATH
2026-03-12 17:40:41 - selenium.webdriver.common.selenium_manager - DEBUG - chrome not found in PATH
2026-03-12 17:40:41 - selenium.webdriver.common.selenium_manager - DEBUG - chrome not found in the system
2026-03-12 17:40:41 - selenium.webdriver.common.selenium_manager - DEBUG - Required browser: chrome 146.0.7680.76
2026-03-12 17:40:41 - selenium.webdriver.common.selenium_manager - DEBUG - chrome 146.0.7680.76 already exists at /home/julien/.cache/selenium/chrome/linux64/146.0.7680.76/chrome
2026-03-12 17:40:41 - selenium.webdriver.common.selenium_manager - DEBUG - chrome 146.0.7680.76 is available at /home/julien/.cache/selenium/chrome/linux64/146.0.7680.76/chrome
2026-03-12 17:40:41 - selenium.webdriver.common.selenium_manager - DEBUG - Required driver: chromedriver 146.0.7680.76
2026-03-12 17:40:41 - selenium.webdriver.common.selenium_manager - DEBUG - chromedriver 146.0.7680.76 already in the cache
2026-03-12 17:40:41 - selenium.webdriver.common.selenium_manager - DEBUG - Driver path: /home/julien/.cache/selenium/chromedriver/linux64/146.0.7680.76/chromedriver
2026-03-12 17:40:41 - selenium.webdriver.common.selenium_manager - DEBUG - Browser path: /home/julien/.cache/selenium/chrome/linux64/146.0.7680.76/chrome
2026-03-12 17:40:41 - selenium.webdriver.common.service - DEBUG - Started executable: `/home/julien/.cache/selenium/chromedriver/linux64/146.0.7680.76/chromedriver` in a child process with pid: 135945 using 0 to output -3
2026-03-12 17:40:41 - selenium.webdriver.remote.remote_connection - DEBUG - POST http://localhost:60267/session {'capabilities': {'firstMatch': [{}], 'alwaysMatch': {'browserName': 'chrome', 'pageLoadStrategy': <PageLoadStrategy.normal: 'normal'>, 'browserVersion': None, 'goog:chromeOptions': {'extensions': [], 'binary': '/home/julien/.cache/selenium/chrome/linux64/146.0.7680.76/chrome', 'args': ['--headless', '--no-sandbox', '--disable-dev-shm-usage', '--disable-gpu']}}}}
2026-03-12 17:40:41 - urllib3.connectionpool - DEBUG - Starting new HTTP connection (1): localhost:60267
2026-03-12 17:40:42 - urllib3.connectionpool - DEBUG - http://localhost:60267 "POST /session HTTP/1.1" 200 0
2026-03-12 17:40:42 - selenium.webdriver.remote.remote_connection - DEBUG - Remote response: status=200 | data={"value":{"capabilities":{"acceptInsecureCerts":false,"browserName":"chrome","browserVersion":"146.0.7680.76","chrome":{"chromedriverVersion":"146.0.7680.76 (2a4a5f9f74e59de3011d74e1f2cff58924e2ef25-refs/branch-heads/7680_65@{#29})","userDataDir":"/tmp/org.chromium.Chromium.scoped_dir.GZQFJb"},"fedcm:accounts":true,"goog:chromeOptions":{"debuggerAddress":"localhost:42029"},"goog:processID":135951,"networkConnectionEnabled":false,"pageLoadStrategy":"normal","platformName":"linux","proxy":{},"setWindowRect":true,"strictFileInteractability":false,"timeouts":{"implicit":0,"pageLoad":300000,"script":30000},"unhandledPromptBehavior":"dismiss and notify","webauthn:extension:credBlob":true,"webauthn:extension:largeBlob":true,"webauthn:extension:minPinLength":true,"webauthn:extension:prf":true,"webauthn:virtualAuthenticators":true},"sessionId":"74744a56651090330d7256294a1bf4a6"}} | headers=HTTPHeaderDict({'Content-Length': '883', 'Content-Type': 'application/json; charset=utf-8', 'cache-control': 'no-cache'})
2026-03-12 17:40:42 - selenium.webdriver.remote.remote_connection - DEBUG - Finished Request
2026-03-12 17:40:42 - src.web_scraper - INFO - Selenium WebDriver initialized
2026-03-12 17:40:42 - selenium.webdriver.common.selenium_manager - DEBUG - Selenium Manager binary found at: /home/julien/Desktop/Free-Wiggum-opencode/venv/lib/python3.14/site-packages/selenium/webdriver/common/linux/selenium-manager
2026-03-12 17:40:42 - selenium.webdriver.common.selenium_manager - DEBUG - Executing process: /home/julien/Desktop/Free-Wiggum-opencode/venv/lib/python3.14/site-packages/selenium/webdriver/common/linux/selenium-manager --browser chrome --debug --language-binding python --output json
2026-03-12 17:40:42 - selenium.webdriver.common.selenium_manager - DEBUG - chromedriver not found in PATH
2026-03-12 17:40:42 - selenium.webdriver.common.selenium_manager - DEBUG - chrome not found in PATH
2026-03-12 17:40:42 - selenium.webdriver.common.selenium_manager - DEBUG - chrome not found in the system
2026-03-12 17:40:42 - selenium.webdriver.common.selenium_manager - DEBUG - Required browser: chrome 146.0.7680.76
2026-03-12 17:40:42 - selenium.webdriver.common.selenium_manager - DEBUG - chrome 146.0.7680.76 already exists at /home/julien/.cache/selenium/chrome/linux64/146.0.7680.76/chrome
2026-03-12 17:40:42 - selenium.webdriver.common.selenium_manager - DEBUG - chrome 146.0.7680.76 is available at /home/julien/.cache/selenium/chrome/linux64/146.0.7680.76/chrome
2026-03-12 17:40:42 - selenium.webdriver.common.selenium_manager - DEBUG - Required driver: chromedriver 146.0.7680.76
2026-03-12 17:40:42 - selenium.webdriver.common.selenium_manager - DEBUG - chromedriver 146.0.7680.76 already in the cache
2026-03-12 17:40:42 - selenium.webdriver.common.selenium_manager - DEBUG - Driver path: /home/julien/.cache/selenium/chromedriver/linux64/146.0.7680.76/chromedriver
2026-03-12 17:40:42 - selenium.webdriver.common.selenium_manager - DEBUG - Browser path: /home/julien/.cache/selenium/chrome/linux64/146.0.7680.76/chrome
2026-03-12 17:40:42 - selenium.webdriver.common.service - DEBUG - Started executable: `/home/julien/.cache/selenium/chromedriver/linux64/146.0.7680.76/chromedriver` in a child process with pid: 136041 using 0 to output -3
2026-03-12 17:40:42 - selenium.webdriver.remote.remote_connection - DEBUG - POST http://localhost:38103/session {'capabilities': {'firstMatch': [{}], 'alwaysMatch': {'browserName': 'chrome', 'pageLoadStrategy': <PageLoadStrategy.normal: 'normal'>, 'browserVersion': None, 'goog:chromeOptions': {'extensions': [], 'binary': '/home/julien/.cache/selenium/chrome/linux64/146.0.7680.76/chrome', 'args': ['--headless', '--no-sandbox', '--disable-dev-shm-usage', '--disable-gpu']}}}}
2026-03-12 17:40:42 - urllib3.connectionpool - DEBUG - Starting new HTTP connection (1): localhost:38103
2026-03-12 17:40:42 - urllib3.connectionpool - DEBUG - http://localhost:38103 "POST /session HTTP/1.1" 200 0
2026-03-12 17:40:42 - selenium.webdriver.remote.remote_connection - DEBUG - Remote response: status=200 | data={"value":{"capabilities":{"acceptInsecureCerts":false,"browserName":"chrome","browserVersion":"146.0.7680.76","chrome":{"chromedriverVersion":"146.0.7680.76 (2a4a5f9f74e59de3011d74e1f2cff58924e2ef25-refs/branch-heads/7680_65@{#29})","userDataDir":"/tmp/org.chromium.Chromium.scoped_dir.lORyzI"},"fedcm:accounts":true,"goog:chromeOptions":{"debuggerAddress":"localhost:40731"},"goog:processID":136047,"networkConnectionEnabled":false,"pageLoadStrategy":"normal","platformName":"linux","proxy":{},"setWindowRect":true,"strictFileInteractability":false,"timeouts":{"implicit":0,"pageLoad":300000,"script":30000},"unhandledPromptBehavior":"dismiss and notify","webauthn:extension:credBlob":true,"webauthn:extension:largeBlob":true,"webauthn:extension:minPinLength":true,"webauthn:extension:prf":true,"webauthn:virtualAuthenticators":true},"sessionId":"c583b3f3af1edc62a77584a49babd850"}} | headers=HTTPHeaderDict({'Content-Length': '883', 'Content-Type': 'application/json; charset=utf-8', 'cache-control': 'no-cache'})
2026-03-12 17:40:42 - selenium.webdriver.remote.remote_connection - DEBUG - Finished Request
2026-03-12 17:40:42 - src.web_scraper - INFO - Selenium WebDriver initialized
2026-03-12 17:40:42 - src.web_scraper - INFO - No URLs provided for personal. Skipping.
2026-03-12 17:40:42 - src.web_scraper - INFO - No URLs provided for blog. Skipping.
2026-03-12 17:40:42 - src.web_scraper - INFO - No URLs provided for forum. Skipping.
2026-03-12 17:40:42 - src.web_scraper - INFO - No URLs provided for linkedin. Skipping.
2026-03-12 17:40:42 - src.web_scraper - INFO - No URLs provided for twitter. Skipping.
2026-03-12 17:40:42 - src.web_scraper - INFO - Scraping complete: 0 total documents
2026-03-12 17:40:42 - selenium.webdriver.remote.remote_connection - DEBUG - DELETE http://localhost:60267/session/74744a56651090330d7256294a1bf4a6 {}
2026-03-12 17:40:42 - urllib3.connectionpool - DEBUG - http://localhost:60267 "DELETE /session/74744a56651090330d7256294a1bf4a6 HTTP/1.1" 200 0
2026-03-12 17:40:42 - selenium.webdriver.remote.remote_connection - DEBUG - Remote response: status=200 | data={"value":null} | headers=HTTPHeaderDict({'Content-Length': '14', 'Content-Type': 'application/json; charset=utf-8', 'cache-control': 'no-cache'})
2026-03-12 17:40:42 - selenium.webdriver.remote.remote_connection - DEBUG - Finished Request
2026-03-12 17:40:42 - selenium.webdriver.remote.remote_connection - DEBUG - DELETE http://localhost:38103/session/c583b3f3af1edc62a77584a49babd850 {}
2026-03-12 17:40:42 - urllib3.connectionpool - DEBUG - http://localhost:38103 "DELETE /session/c583b3f3af1edc62a77584a49babd850 HTTP/1.1" 200 0
2026-03-12 17:40:42 - selenium.webdriver.remote.remote_connection - DEBUG - Remote response: status=200 | data={"value":null} | headers=HTTPHeaderDict({'Content-Length': '14', 'Content-Type': 'application/json; charset=utf-8', 'cache-control': 'no-cache'})
2026-03-12 17:40:42 - selenium.webdriver.remote.remote_connection - DEBUG - Finished Request
2026-03-12 17:40:42 - __main__ - WARNING - No raw data files collected. Pipeline may have no input.
2026-03-12 17:40:42 - __main__ - INFO - === Starting document processing ===
2026-03-12 17:40:42 - __main__ - INFO - No files need processing (all up-to-date)
2026-03-12 17:40:42 - __main__ - INFO - 
=== Pipeline Execution Summary ===
Total duration: 0:00:07.972633
Start: 2026-03-12T21:40:34.649526
End: 2026-03-12T21:40:42.622159

Collection:
  GitHub files: 0
  Web files: 0
  Collection errors: 1

Processing:
  Files processed: 0
  Chunks generated: 0
  Processing errors: 0
  Files skipped (incremental): 0

Total errors: 1
2026-03-12 17:40:42 - __main__ - INFO - Statistics saved to data/processed/pipeline_stats.json
2026-03-12 17:40:42 - __main__ - WARNING - Pipeline completed with 1 errors
