рҹҡҖ Starting Wiggum Worker for: julien-rag
рҹ“Қ Project Path: /home/julien/Desktop/Free-Wiggum-opencode/projects/julien-rag
вҸ° Started at: Thu Mar 12 09:57:13 PM EDT 2026
вҡЎ Token Budget: 64000
в”Ғв”Ғв”Ғв”Ғв”Ғв”Ғв”Ғв”Ғв”Ғв”Ғв”Ғв”Ғв”Ғв”Ғв”Ғв”Ғв”Ғв”Ғв”Ғв”Ғв”Ғв”Ғв”Ғв”Ғв”Ғв”Ғв”Ғв”Ғв”Ғв”Ғв”Ғв”Ғв•җв•җв•җв•җ

рҹ“Қ Iteration 229 at Thu Mar 12 09:57:13 PM EDT 2026...
рҹӨ– OpenCode processing: Task 4.2: Implement RAG generation pipeline
[0m
> build В· stepfun/step-3.5-flash:free
[0m
[91m[1mError: [0mUser not found.
рҹ“қ Log saved: logs/iteration-229.md
рҹ“Ҡ Token Usage: 4750 / Session: 4750 / 64000
вң… Changes committed
To github.com:Julien-ser/julien-rag.git
   fb1726d..dec0c45  main -> main
вң… Pushed to GitHub
рҹ“Ҡ Updated Tasks: 13/17 completed, 4 remaining
   Next task: Task 4.2: Implement RAG generation pipeline...
рҹ“Қ Iteration 230 at Thu Mar 12 09:57:19 PM EDT 2026...
вң“ Progress: Git commit found
рҹ“Ҡ Task attempt 2: Progress detected, continuing...
рҹ“ҡ Loading context from previous iteration attempts...
   Found context in: iteration-229.md
рҹӨ– OpenCode processing: Task 4.2: Implement RAG generation pipeline
[0m
> build В· stepfun/step-3.5-flash:free
[0m
[91m[1mError: [0mUser not found.
рҹ“қ Log saved: logs/iteration-230.md
рҹ“Ҡ Token Usage: 5000 / Session: 9750 / 64000
вң… Changes committed
To github.com:Julien-ser/julien-rag.git
   dec0c45..82b0d06  main -> main
вң… Pushed to GitHub
рҹ“Ҡ Updated Tasks: 13/17 completed, 4 remaining
   Next task: Task 4.2: Implement RAG generation pipeline...
рҹ“Қ Iteration 231 at Thu Mar 12 09:57:26 PM EDT 2026...
вң“ Progress: Git commit found
рҹ“Ҡ Task attempt 3: Progress detected, continuing...
рҹ“ҡ Loading context from previous iteration attempts...
   Found context in: iteration-230.md
рҹӨ– OpenCode processing: Task 4.2: Implement RAG generation pipeline
[0m
> build В· stepfun/step-3.5-flash:free
[0m
[91m[1mError: [0mUser not found.
рҹ“қ Log saved: logs/iteration-231.md
рҹ“Ҡ Token Usage: 5000 / Session: 14750 / 64000
вң… Changes committed
To github.com:Julien-ser/julien-rag.git
   82b0d06..85c17e3  main -> main
вң… Pushed to GitHub
рҹ“Ҡ Updated Tasks: 13/17 completed, 4 remaining
   Next task: Task 4.2: Implement RAG generation pipeline...
рҹ“Қ Iteration 232 at Thu Mar 12 09:57:32 PM EDT 2026...
вң“ Progress: Git commit found
рҹ“Ҡ Task attempt 4: Progress detected, continuing...
рҹ“ҡ Loading context from previous iteration attempts...
   Found context in: iteration-231.md
рҹӨ– OpenCode processing: Task 4.2: Implement RAG generation pipeline
[0m
> build В· stepfun/step-3.5-flash:free
[0m
[91m[1mError: [0mUser not found.
рҹ“қ Log saved: logs/iteration-232.md
рҹ“Ҡ Token Usage: 5000 / Session: 19750 / 64000
вң… Changes committed
To github.com:Julien-ser/julien-rag.git
   85c17e3..f1679d3  main -> main
вң… Pushed to GitHub
рҹ“Ҡ Updated Tasks: 13/17 completed, 4 remaining
   Next task: Task 4.2: Implement RAG generation pipeline...
рҹ“Қ Iteration 233 at Thu Mar 12 09:57:40 PM EDT 2026...
вң“ Progress: Git commit found
рҹ“Ҡ Task attempt 5: Progress detected, continuing...
рҹ“ҡ Loading context from previous iteration attempts...
   Found context in: iteration-232.md
рҹӨ– OpenCode processing: Task 4.2: Implement RAG generation pipeline
[0m
> build В· stepfun/step-3.5-flash:free
[0m
[91m[1mError: [0mUser not found.
рҹ“қ Log saved: logs/iteration-233.md
рҹ“Ҡ Token Usage: 5000 / Session: 24750 / 64000
вң… Changes committed
To github.com:Julien-ser/julien-rag.git
   f1679d3..384fe0d  main -> main
вң… Pushed to GitHub
рҹ“Ҡ Updated Tasks: 13/17 completed, 4 remaining
   Next task: Task 4.2: Implement RAG generation pipeline...
рҹ“Қ Iteration 234 at Thu Mar 12 09:57:46 PM EDT 2026...
вң“ Progress: Git commit found
рҹ“Ҡ Task attempt 6: Progress detected, continuing...
рҹ“ҡ Loading context from previous iteration attempts...
   Found context in: iteration-233.md
рҹӨ– OpenCode processing: Task 4.2: Implement RAG generation pipeline
[0m
> build В· stepfun/step-3.5-flash:free
[0m
[91m[1mError: [0mUser not found.
рҹ“қ Log saved: logs/iteration-234.md
рҹ“Ҡ Token Usage: 5000 / Session: 29750 / 64000
вң… Changes committed
To github.com:Julien-ser/julien-rag.git
   384fe0d..b3a0428  main -> main
вң… Pushed to GitHub
рҹ“Ҡ Updated Tasks: 13/17 completed, 4 remaining
   Next task: Task 4.2: Implement RAG generation pipeline...
рҹ“Қ Iteration 235 at Thu Mar 12 09:57:52 PM EDT 2026...
вң“ Progress: Git commit found
рҹ“Ҡ Task attempt 7: Progress detected, continuing...
рҹ“ҡ Loading context from previous iteration attempts...
   Found context in: iteration-234.md
рҹӨ– OpenCode processing: Task 4.2: Implement RAG generation pipeline
[0m
> build В· stepfun/step-3.5-flash:free
[0m
[91m[1mError: [0mUser not found.
рҹ“қ Log saved: logs/iteration-235.md
рҹ“Ҡ Token Usage: 5000 / Session: 34750 / 64000
вң… Changes committed
To github.com:Julien-ser/julien-rag.git
   b3a0428..cf475d1  main -> main
вң… Pushed to GitHub
рҹ“Ҡ Updated Tasks: 13/17 completed, 4 remaining
   Next task: Task 4.2: Implement RAG generation pipeline...
рҹ“Қ Iteration 236 at Thu Mar 12 09:57:59 PM EDT 2026...
вң“ Progress: Git commit found
рҹ“Ҡ Task attempt 8: Progress detected, continuing...
рҹ“ҡ Loading context from previous iteration attempts...
   Found context in: iteration-235.md
рҹӨ– OpenCode processing: Task 4.2: Implement RAG generation pipeline
[0m
> build В· stepfun/step-3.5-flash:free
[0m
[91m[1mError: [0mUser not found.
рҹ“қ Log saved: logs/iteration-236.md
рҹ“Ҡ Token Usage: 5000 / Session: 39750 / 64000
вң… Changes committed
To github.com:Julien-ser/julien-rag.git
   cf475d1..1619582  main -> main
вң… Pushed to GitHub
рҹ“Ҡ Updated Tasks: 13/17 completed, 4 remaining
   Next task: Task 4.2: Implement RAG generation pipeline...
рҹ“Қ Iteration 237 at Thu Mar 12 09:58:05 PM EDT 2026...
вң“ Progress: Git commit found
рҹ“Ҡ Task attempt 9: Progress detected, continuing...
рҹ“ҡ Loading context from previous iteration attempts...
   Found context in: iteration-236.md
рҹӨ– OpenCode processing: Task 4.2: Implement RAG generation pipeline
[0m
> build В· stepfun/step-3.5-flash:free
[0m
[91m[1mError: [0mUser not found.
рҹ“қ Log saved: logs/iteration-237.md
рҹ“Ҡ Token Usage: 5000 / Session: 44750 / 64000
вң… Changes committed
To github.com:Julien-ser/julien-rag.git
   1619582..5595ca0  main -> main
вң… Pushed to GitHub
рҹ“Ҡ Updated Tasks: 13/17 completed, 4 remaining
   Next task: Task 4.2: Implement RAG generation pipeline...
рҹ“Қ Iteration 238 at Thu Mar 12 09:58:11 PM EDT 2026...
вң“ Progress: Git commit found
рҹ“Ҡ Task attempt 10: Progress detected, continuing...
рҹ“ҡ Loading context from previous iteration attempts...
   Found context in: iteration-237.md
рҹӨ– OpenCode processing: Task 4.2: Implement RAG generation pipeline
[0m
> build В· stepfun/step-3.5-flash:free
[0m
[91m[1mError: [0mUser not found.
рҹ“қ Log saved: logs/iteration-238.md
рҹ“Ҡ Token Usage: 5000 / Session: 49750 / 64000
вң… Changes committed
To github.com:Julien-ser/julien-rag.git
   5595ca0..5f4ffa1  main -> main
вң… Pushed to GitHub
рҹ“Ҡ Updated Tasks: 13/17 completed, 4 remaining
   Next task: Task 4.2: Implement RAG generation pipeline...
рҹ“Қ Iteration 239 at Thu Mar 12 09:58:17 PM EDT 2026...
вң“ Progress: Git commit found
рҹ“Ҡ Task attempt 11: Progress detected, continuing...
рҹ“ҡ Loading context from previous iteration attempts...
   Found context in: iteration-238.md
рҹӨ– OpenCode processing: Task 4.2: Implement RAG generation pipeline
[0m
> build В· stepfun/step-3.5-flash:free
[0m
[91m[1mError: [0mUser not found.
рҹ“қ Log saved: logs/iteration-239.md
рҹ“Ҡ Token Usage: 5000 / Session: 54750 / 64000
вң… Changes committed
To github.com:Julien-ser/julien-rag.git
   5f4ffa1..4a5fe0b  main -> main
вң… Pushed to GitHub
рҹ“Ҡ Updated Tasks: 13/17 completed, 4 remaining
   Next task: Task 4.2: Implement RAG generation pipeline...
рҹ“Қ Iteration 240 at Thu Mar 12 09:58:24 PM EDT 2026...
вң“ Progress: Git commit found
рҹ“Ҡ Task attempt 12: Progress detected, continuing...
рҹ“ҡ Loading context from previous iteration attempts...
   Found context in: iteration-239.md
рҹӨ– OpenCode processing: Task 4.2: Implement RAG generation pipeline
[0m
> build В· stepfun/step-3.5-flash:free
[0m
[91m[1mError: [0mUser not found.
рҹ“қ Log saved: logs/iteration-240.md
рҹ“Ҡ Token Usage: 5000 / Session: 59750 / 64000
