🚀 Starting Wiggum Worker for: julien-rag
📍 Project Path: /home/julien/Desktop/Free-Wiggum-opencode/projects/julien-rag
⏰ Started at: Thu Mar 12 09:53:08 PM EDT 2026
⚡ Token Budget: 64000
━━━━━━━━━━━━━━━━━━━━━━━━━━━━━━━━════

📍 Iteration 190 at Thu Mar 12 09:53:08 PM EDT 2026...
🤖 OpenCode processing: Task 4.2: Implement RAG generation pipeline
[0m
> build · stepfun/step-3.5-flash:free
[0m
[91m[1mError: [0mUser not found.
📝 Log saved: logs/iteration-190.md
📊 Token Usage: 4750 / Session: 4750 / 64000
✅ Changes committed
To github.com:Julien-ser/julien-rag.git
   3855b7c..41d52ce  main -> main
✅ Pushed to GitHub
📊 Updated Tasks: 13/17 completed, 4 remaining
   Next task: Task 4.2: Implement RAG generation pipeline...
📍 Iteration 191 at Thu Mar 12 09:53:14 PM EDT 2026...
✓ Progress: Git commit found
📊 Task attempt 2: Progress detected, continuing...
📚 Loading context from previous iteration attempts...
   Found context in: iteration-190.md
🤖 OpenCode processing: Task 4.2: Implement RAG generation pipeline
[0m
> build · stepfun/step-3.5-flash:free
[0m
[91m[1mError: [0mUser not found.
📝 Log saved: logs/iteration-191.md
📊 Token Usage: 5000 / Session: 9750 / 64000
