рҹҡҖ Starting Wiggum Worker for: julien-rag
рҹ“Қ Project Path: /home/julien/Desktop/Free-Wiggum-opencode/projects/julien-rag
вҸ° Started at: Thu Mar 12 09:54:30 PM EDT 2026
вҡЎ Token Budget: 64000
в”Ғв”Ғв”Ғв”Ғв”Ғв”Ғв”Ғв”Ғв”Ғв”Ғв”Ғв”Ғв”Ғв”Ғв”Ғв”Ғв”Ғв”Ғв”Ғв”Ғв”Ғв”Ғв”Ғв”Ғв”Ғв”Ғв”Ғв”Ғв”Ғв”Ғв”Ғв”Ғв•җв•җв•җв•җ

рҹ“Қ Iteration 203 at Thu Mar 12 09:54:30 PM EDT 2026...
рҹӨ– OpenCode processing: Task 4.2: Implement RAG generation pipeline
[0m
> build В· stepfun/step-3.5-flash:free
[0m
[91m[1mError: [0mUser not found.
рҹ“қ Log saved: logs/iteration-203.md
рҹ“Ҡ Token Usage: 4750 / Session: 4750 / 64000
вң… Changes committed
To github.com:Julien-ser/julien-rag.git
   9a034e3..4b7d156  main -> main
вң… Pushed to GitHub
рҹ“Ҡ Updated Tasks: 13/17 completed, 4 remaining
   Next task: Task 4.2: Implement RAG generation pipeline...
рҹ“Қ Iteration 204 at Thu Mar 12 09:54:37 PM EDT 2026...
вң“ Progress: Git commit found
рҹ“Ҡ Task attempt 2: Progress detected, continuing...
рҹ“ҡ Loading context from previous iteration attempts...
   Found context in: iteration-203.md
рҹӨ– OpenCode processing: Task 4.2: Implement RAG generation pipeline
[0m
> build В· stepfun/step-3.5-flash:free
[0m
[91m[1mError: [0mUser not found.
рҹ“қ Log saved: logs/iteration-204.md
рҹ“Ҡ Token Usage: 5000 / Session: 9750 / 64000
вң… Changes committed
To github.com:Julien-ser/julien-rag.git
   4b7d156..7273fe7  main -> main
вң… Pushed to GitHub
рҹ“Ҡ Updated Tasks: 13/17 completed, 4 remaining
   Next task: Task 4.2: Implement RAG generation pipeline...
рҹ“Қ Iteration 205 at Thu Mar 12 09:54:43 PM EDT 2026...
вң“ Progress: Git commit found
рҹ“Ҡ Task attempt 3: Progress detected, continuing...
рҹ“ҡ Loading context from previous iteration attempts...
   Found context in: iteration-204.md
рҹӨ– OpenCode processing: Task 4.2: Implement RAG generation pipeline
[0m
> build В· stepfun/step-3.5-flash:free
[0m
[91m[1mError: [0mUser not found.
рҹ“қ Log saved: logs/iteration-205.md
рҹ“Ҡ Token Usage: 5000 / Session: 14750 / 64000
вң… Changes committed
To github.com:Julien-ser/julien-rag.git
   7273fe7..dacbc6a  main -> main
вң… Pushed to GitHub
рҹ“Ҡ Updated Tasks: 13/17 completed, 4 remaining
   Next task: Task 4.2: Implement RAG generation pipeline...
рҹ“Қ Iteration 206 at Thu Mar 12 09:54:50 PM EDT 2026...
вң“ Progress: Git commit found
рҹ“Ҡ Task attempt 4: Progress detected, continuing...
рҹ“ҡ Loading context from previous iteration attempts...
   Found context in: iteration-205.md
рҹӨ– OpenCode processing: Task 4.2: Implement RAG generation pipeline
[0m
> build В· stepfun/step-3.5-flash:free
[0m
[91m[1mError: [0mUser not found.
рҹ“қ Log saved: logs/iteration-206.md
рҹ“Ҡ Token Usage: 5000 / Session: 19750 / 64000
