🚀 Starting Wiggum Worker for: julien-rag
📍 Project Path: /home/julien/Desktop/Free-Wiggum-opencode/projects/julien-rag
⏰ Started at: Thu Mar 12 09:28:47 PM EDT 2026
⚡ Token Budget: 64000
━━━━━━━━━━━━━━━━━━━━━━━━━━━━━━━━════

📍 Iteration 134 at Thu Mar 12 09:28:47 PM EDT 2026...
🤖 OpenCode processing: Task 3.3: Implement similarity search functionality
[0m
> build · stepfun/step-3.5-flash:free
[0m
[91m[1mError: [0mUser not found.
📝 Log saved: logs/iteration-134.md
📊 Token Usage: 4500 / Session: 4500 / 64000
✅ Changes committed
To github.com:Julien-ser/julien-rag.git
   955451f..ef6943f  main -> main
✅ Pushed to GitHub
📊 Updated Tasks: 10/17 completed, 7 remaining
   Next task: Task 3.3: Implement similarity search functionality...
📍 Iteration 135 at Thu Mar 12 09:28:52 PM EDT 2026...
✓ Progress: Git commit found
📊 Task attempt 2: Progress detected, continuing...
📚 Loading context from previous iteration attempts...
   Found context in: iteration-134.md
🤖 OpenCode processing: Task 3.3: Implement similarity search functionality
[0m
> build · stepfun/step-3.5-flash:free
[0m
[91m[1mError: [0mUser not found.
📝 Log saved: logs/iteration-135.md
📊 Token Usage: 4750 / Session: 9250 / 64000
✅ Changes committed
To github.com:Julien-ser/julien-rag.git
   ef6943f..a692023  main -> main
✅ Pushed to GitHub
📊 Updated Tasks: 10/17 completed, 7 remaining
   Next task: Task 3.3: Implement similarity search functionality...
📍 Iteration 136 at Thu Mar 12 09:28:58 PM EDT 2026...
✓ Progress: Git commit found
📊 Task attempt 3: Progress detected, continuing...
📚 Loading context from previous iteration attempts...
   Found context in: iteration-135.md
🤖 OpenCode processing: Task 3.3: Implement similarity search functionality
[0m
> build · stepfun/step-3.5-flash:free
[0m
[91m[1mError: [0mUser not found.
📝 Log saved: logs/iteration-136.md
📊 Token Usage: 4750 / Session: 14000 / 64000
