рҹҡҖ Starting Wiggum Worker for: julien-rag
рҹ“Қ Project Path: /home/julien/Desktop/Free-Wiggum-opencode/projects/julien-rag
вҸ° Started at: Thu Mar 12 09:31:02 PM EDT 2026
вҡЎ Token Budget: 64000
в”Ғв”Ғв”Ғв”Ғв”Ғв”Ғв”Ғв”Ғв”Ғв”Ғв”Ғв”Ғв”Ғв”Ғв”Ғв”Ғв”Ғв”Ғв”Ғв”Ғв”Ғв”Ғв”Ғв”Ғв”Ғв”Ғв”Ғв”Ғв”Ғв”Ғв”Ғв”Ғв•җв•җв•җв•җ

рҹ“Қ Iteration 146 at Thu Mar 12 09:31:02 PM EDT 2026...
рҹӨ– OpenCode processing: Task 3.3: Implement similarity search functionality
[0m
> build В· stepfun/step-3.5-flash:free
[0m
[91m[1mError: [0mUser not found.
рҹ“қ Log saved: logs/iteration-146.md
рҹ“Ҡ Token Usage: 4500 / Session: 4500 / 64000
вң… Changes committed
To github.com:Julien-ser/julien-rag.git
   9144828..5c04e22  main -> main
вң… Pushed to GitHub
рҹ“Ҡ Updated Tasks: 10/17 completed, 7 remaining
   Next task: Task 3.3: Implement similarity search functionality...
рҹ“Қ Iteration 147 at Thu Mar 12 09:31:07 PM EDT 2026...
вң“ Progress: Git commit found
рҹ“Ҡ Task attempt 2: Progress detected, continuing...
рҹ“ҡ Loading context from previous iteration attempts...
   Found context in: iteration-146.md
рҹӨ– OpenCode processing: Task 3.3: Implement similarity search functionality
[0m
> build В· stepfun/step-3.5-flash:free
[0m
[91m[1mError: [0mUser not found.
рҹ“қ Log saved: logs/iteration-147.md
рҹ“Ҡ Token Usage: 4750 / Session: 9250 / 64000
вң… Changes committed
To github.com:Julien-ser/julien-rag.git
   5c04e22..3763e78  main -> main
вң… Pushed to GitHub
рҹ“Ҡ Updated Tasks: 10/17 completed, 7 remaining
   Next task: Task 3.3: Implement similarity search functionality...
рҹ“Қ Iteration 148 at Thu Mar 12 09:31:13 PM EDT 2026...
вң“ Progress: Git commit found
рҹ“Ҡ Task attempt 3: Progress detected, continuing...
рҹ“ҡ Loading context from previous iteration attempts...
   Found context in: iteration-147.md
рҹӨ– OpenCode processing: Task 3.3: Implement similarity search functionality
[0m
> build В· stepfun/step-3.5-flash:free
[0m
[91m[1mError: [0mUser not found.
рҹ“қ Log saved: logs/iteration-148.md
рҹ“Ҡ Token Usage: 4750 / Session: 14000 / 64000
вң… Changes committed
To github.com:Julien-ser/julien-rag.git
   3763e78..c3c4d37  main -> main
вң… Pushed to GitHub
рҹ“Ҡ Updated Tasks: 10/17 completed, 7 remaining
   Next task: Task 3.3: Implement similarity search functionality...
рҹ“Қ Iteration 149 at Thu Mar 12 09:31:19 PM EDT 2026...
вң“ Progress: Git commit found
рҹ“Ҡ Task attempt 4: Progress detected, continuing...
рҹ“ҡ Loading context from previous iteration attempts...
   Found context in: iteration-148.md
рҹӨ– OpenCode processing: Task 3.3: Implement similarity search functionality
[0m
> build В· stepfun/step-3.5-flash:free
[0m
[91m[1mError: [0mUser not found.
рҹ“қ Log saved: logs/iteration-149.md
рҹ“Ҡ Token Usage: 4750 / Session: 18750 / 64000
