рҹҡҖ Starting Wiggum Worker for: julien-rag
рҹ“Қ Project Path: /home/julien/Desktop/Free-Wiggum-opencode/projects/julien-rag
вҸ° Started at: Thu Mar 12 09:21:54 PM EDT 2026
вҡЎ Token Budget: 64000
в”Ғв”Ғв”Ғв”Ғв”Ғв”Ғв”Ғв”Ғв”Ғв”Ғв”Ғв”Ғв”Ғв”Ғв”Ғв”Ғв”Ғв”Ғв”Ғв”Ғв”Ғв”Ғв”Ғв”Ғв”Ғв”Ғв”Ғв”Ғв”Ғв”Ғв”Ғв”Ғв•җв•җв•җв•җ

рҹ“Қ Iteration 64 at Thu Mar 12 09:21:54 PM EDT 2026...
рҹӨ– OpenCode processing: Task 3.3: Implement similarity search functionality
[0m
> build В· stepfun/step-3.5-flash:free
[0m
[91m[1mError: [0mUser not found.
рҹ“қ Log saved: logs/iteration-64.md
рҹ“Ҡ Token Usage: 4500 / Session: 4500 / 64000
вң… Changes committed
To github.com:Julien-ser/julien-rag.git
   38c7a4c..624cdb0  main -> main
вң… Pushed to GitHub
рҹ“Ҡ Updated Tasks: 10/17 completed, 7 remaining
   Next task: Task 3.3: Implement similarity search functionality...
рҹ“Қ Iteration 65 at Thu Mar 12 09:22:00 PM EDT 2026...
вң“ Progress: Git commit found
рҹ“Ҡ Task attempt 2: Progress detected, continuing...
рҹ“ҡ Loading context from previous iteration attempts...
   Found context in: iteration-64.md
рҹӨ– OpenCode processing: Task 3.3: Implement similarity search functionality
[0m
> build В· stepfun/step-3.5-flash:free
[0m
[91m[1mError: [0mUser not found.
рҹ“қ Log saved: logs/iteration-65.md
рҹ“Ҡ Token Usage: 4750 / Session: 9250 / 64000
вң… Changes committed
To github.com:Julien-ser/julien-rag.git
   624cdb0..782ffee  main -> main
вң… Pushed to GitHub
рҹ“Ҡ Updated Tasks: 10/17 completed, 7 remaining
   Next task: Task 3.3: Implement similarity search functionality...
рҹ“Қ Iteration 66 at Thu Mar 12 09:22:06 PM EDT 2026...
вң“ Progress: Git commit found
рҹ“Ҡ Task attempt 3: Progress detected, continuing...
рҹ“ҡ Loading context from previous iteration attempts...
   Found context in: iteration-65.md
рҹӨ– OpenCode processing: Task 3.3: Implement similarity search functionality
[0m
> build В· stepfun/step-3.5-flash:free
[0m
[91m[1mError: [0mUser not found.
рҹ“қ Log saved: logs/iteration-66.md
рҹ“Ҡ Token Usage: 4750 / Session: 14000 / 64000
вң… Changes committed
To github.com:Julien-ser/julien-rag.git
   782ffee..43d130b  main -> main
вң… Pushed to GitHub
рҹ“Ҡ Updated Tasks: 10/17 completed, 7 remaining
   Next task: Task 3.3: Implement similarity search functionality...
рҹ“Қ Iteration 67 at Thu Mar 12 09:22:12 PM EDT 2026...
вң“ Progress: Git commit found
рҹ“Ҡ Task attempt 4: Progress detected, continuing...
рҹ“ҡ Loading context from previous iteration attempts...
   Found context in: iteration-66.md
рҹӨ– OpenCode processing: Task 3.3: Implement similarity search functionality
[0m
> build В· stepfun/step-3.5-flash:free
[0m
[91m[1mError: [0mUser not found.
рҹ“қ Log saved: logs/iteration-67.md
рҹ“Ҡ Token Usage: 4750 / Session: 18750 / 64000
вң… Changes committed
To github.com:Julien-ser/julien-rag.git
   43d130b..d4c75aa  main -> main
вң… Pushed to GitHub
рҹ“Ҡ Updated Tasks: 10/17 completed, 7 remaining
   Next task: Task 3.3: Implement similarity search functionality...
рҹ“Қ Iteration 68 at Thu Mar 12 09:22:18 PM EDT 2026...
вң“ Progress: Git commit found
рҹ“Ҡ Task attempt 5: Progress detected, continuing...
рҹ“ҡ Loading context from previous iteration attempts...
   Found context in: iteration-67.md
рҹӨ– OpenCode processing: Task 3.3: Implement similarity search functionality
[0m
> build В· stepfun/step-3.5-flash:free
[0m
[91m[1mError: [0mUser not found.
рҹ“қ Log saved: logs/iteration-68.md
рҹ“Ҡ Token Usage: 4750 / Session: 23500 / 64000
вң… Changes committed
To github.com:Julien-ser/julien-rag.git
   d4c75aa..67e56a9  main -> main
вң… Pushed to GitHub
рҹ“Ҡ Updated Tasks: 10/17 completed, 7 remaining
   Next task: Task 3.3: Implement similarity search functionality...
рҹ“Қ Iteration 69 at Thu Mar 12 09:22:24 PM EDT 2026...
вң“ Progress: Git commit found
рҹ“Ҡ Task attempt 6: Progress detected, continuing...
рҹ“ҡ Loading context from previous iteration attempts...
   Found context in: iteration-68.md
рҹӨ– OpenCode processing: Task 3.3: Implement similarity search functionality
[0m
> build В· stepfun/step-3.5-flash:free
[0m
[91m[1mError: [0mUser not found.
рҹ“қ Log saved: logs/iteration-69.md
рҹ“Ҡ Token Usage: 4750 / Session: 28250 / 64000
вң… Changes committed
To github.com:Julien-ser/julien-rag.git
   67e56a9..3eb776e  main -> main
вң… Pushed to GitHub
рҹ“Ҡ Updated Tasks: 10/17 completed, 7 remaining
   Next task: Task 3.3: Implement similarity search functionality...
рҹ“Қ Iteration 70 at Thu Mar 12 09:22:30 PM EDT 2026...
вң“ Progress: Git commit found
рҹ“Ҡ Task attempt 7: Progress detected, continuing...
рҹ“ҡ Loading context from previous iteration attempts...
   Found context in: iteration-69.md
рҹӨ– OpenCode processing: Task 3.3: Implement similarity search functionality
[0m
> build В· stepfun/step-3.5-flash:free
[0m
[91m[1mError: [0mUser not found.
рҹ“қ Log saved: logs/iteration-70.md
рҹ“Ҡ Token Usage: 4750 / Session: 33000 / 64000
вң… Changes committed
To github.com:Julien-ser/julien-rag.git
   3eb776e..0ccb490  main -> main
вң… Pushed to GitHub
рҹ“Ҡ Updated Tasks: 10/17 completed, 7 remaining
   Next task: Task 3.3: Implement similarity search functionality...
рҹ“Қ Iteration 71 at Thu Mar 12 09:22:36 PM EDT 2026...
вң“ Progress: Git commit found
рҹ“Ҡ Task attempt 8: Progress detected, continuing...
рҹ“ҡ Loading context from previous iteration attempts...
   Found context in: iteration-70.md
рҹӨ– OpenCode processing: Task 3.3: Implement similarity search functionality
[0m
> build В· stepfun/step-3.5-flash:free
[0m
[91m[1mError: [0mUser not found.
рҹ“қ Log saved: logs/iteration-71.md
рҹ“Ҡ Token Usage: 4750 / Session: 37750 / 64000
вң… Changes committed
To github.com:Julien-ser/julien-rag.git
   0ccb490..4a8863e  main -> main
вң… Pushed to GitHub
рҹ“Ҡ Updated Tasks: 10/17 completed, 7 remaining
   Next task: Task 3.3: Implement similarity search functionality...
рҹ“Қ Iteration 72 at Thu Mar 12 09:22:42 PM EDT 2026...
вң“ Progress: Git commit found
рҹ“Ҡ Task attempt 9: Progress detected, continuing...
рҹ“ҡ Loading context from previous iteration attempts...
   Found context in: iteration-71.md
рҹӨ– OpenCode processing: Task 3.3: Implement similarity search functionality
[0m
> build В· stepfun/step-3.5-flash:free
[0m
[91m[1mError: [0mUser not found.
рҹ“қ Log saved: logs/iteration-72.md
рҹ“Ҡ Token Usage: 4750 / Session: 42500 / 64000
вң… Changes committed
To github.com:Julien-ser/julien-rag.git
   4a8863e..98c43be  main -> main
вң… Pushed to GitHub
рҹ“Ҡ Updated Tasks: 10/17 completed, 7 remaining
   Next task: Task 3.3: Implement similarity search functionality...
рҹ“Қ Iteration 73 at Thu Mar 12 09:22:48 PM EDT 2026...
вң“ Progress: Git commit found
рҹ“Ҡ Task attempt 10: Progress detected, continuing...
рҹ“ҡ Loading context from previous iteration attempts...
   Found context in: iteration-72.md
рҹӨ– OpenCode processing: Task 3.3: Implement similarity search functionality
[0m
> build В· stepfun/step-3.5-flash:free
[0m
[91m[1mError: [0mUser not found.
рҹ“қ Log saved: logs/iteration-73.md
рҹ“Ҡ Token Usage: 4750 / Session: 47250 / 64000
вң… Changes committed
To github.com:Julien-ser/julien-rag.git
   98c43be..3a1c882  main -> main
вң… Pushed to GitHub
рҹ“Ҡ Updated Tasks: 10/17 completed, 7 remaining
   Next task: Task 3.3: Implement similarity search functionality...
рҹ“Қ Iteration 74 at Thu Mar 12 09:22:54 PM EDT 2026...
вң“ Progress: Git commit found
рҹ“Ҡ Task attempt 11: Progress detected, continuing...
рҹ“ҡ Loading context from previous iteration attempts...
   Found context in: iteration-73.md
рҹӨ– OpenCode processing: Task 3.3: Implement similarity search functionality
[0m
> build В· stepfun/step-3.5-flash:free
[0m
[91m[1mError: [0mUser not found.
рҹ“қ Log saved: logs/iteration-74.md
рҹ“Ҡ Token Usage: 4750 / Session: 52000 / 64000
вң… Changes committed
To github.com:Julien-ser/julien-rag.git
   3a1c882..790fdc6  main -> main
вң… Pushed to GitHub
рҹ“Ҡ Updated Tasks: 10/17 completed, 7 remaining
   Next task: Task 3.3: Implement similarity search functionality...
рҹ“Қ Iteration 75 at Thu Mar 12 09:22:59 PM EDT 2026...
вң“ Progress: Git commit found
рҹ“Ҡ Task attempt 12: Progress detected, continuing...
рҹ“ҡ Loading context from previous iteration attempts...
   Found context in: iteration-74.md
рҹӨ– OpenCode processing: Task 3.3: Implement similarity search functionality
[0m
> build В· stepfun/step-3.5-flash:free
[0m
[91m[1mError: [0mUser not found.
рҹ“қ Log saved: logs/iteration-75.md
рҹ“Ҡ Token Usage: 4750 / Session: 56750 / 64000
