🚀 Starting Wiggum Worker for: julien-rag
📍 Project Path: /home/julien/Desktop/Free-Wiggum-opencode/projects/julien-rag
⏰ Started at: Thu Mar 12 07:04:49 PM EDT 2026
⚡ Token Budget: 64000
━━━━━━━━━━━━━━━━━━━━━━━━━━━━━━━━════

📍 Iteration 39 at Thu Mar 12 07:04:49 PM EDT 2026...
🤖 OpenCode processing: Task 3.1: Initialize vector database and collections
[0m
> build · stepfun/step-3.5-flash:free
[0m
[0m→ [0mRead requirements.txt
[0m
[0m$ [0mls -la
total 104
drwxr-xr-x 15 julien julien 4096 Mar 12 17:39 .
drwxr-xr-x  9 julien julien 4096 Mar 12 16:51 ..
drwxr-xr-x  2 julien julien 4096 Mar 12 17:40 config
drwxr-xr-x  5 julien julien 4096 Mar 12 17:04 data
drwxr-xr-x  2 julien julien 4096 Mar 12 16:54 docs
-rw-r--r--  1 julien julien  215 Mar 12 16:51 .env
-rw-r--r--  1 julien julien  319 Mar 12 17:04 .env.example
drwxr-xr-x  2 julien julien 4096 Mar 12 17:16 examples
drwxr-xr-x  7 julien julien 4096 Mar 12 17:49 .git
-rw-r--r--  1 julien julien    4 Mar 12 16:51 .gitignore
drwxr-xr-x  2 julien julien 4096 Mar 12 19:04 logs
-rw-r--r--  1 julien julien 1280 Mar 12 16:51 prompt.txt
drwxr-xr-x  3 julien julien 4096 Mar 12 17:17 .pytest_cache
-rw-r--r--  1 julien julien 5964 Mar 12 17:41 README.md
-rw-r--r--  1 julien julien  268 Mar 12 17:04 requirements.txt
drwxr-xr-x  3 julien julien 4096 Mar 12 17:04 .ruff_cache
drwxr-xr-x  2 julien julien 4096 Mar 12 17:39 scripts
drwxr-xr-x  3 julien julien 4096 Mar 12 17:42 src
-rw-r--r--  1 julien julien 7570 Mar 12 17:41 TASKS.md
-rw-r--r--  1 julien julien 7570 Mar 12 16:52 TASKS_original.md
drwxr-xr-x  2 julien julien 4096 Mar 12 17:17 test_output
drwxr-xr-x  3 julien julien 4096 Mar 12 17:29 tests
drwxr-xr-x  2 julien julien 4096 Mar 12 17:33 test_temp_output
[0m
I'll complete Task 3.1: Initialize vector database and collections. Let me first check the current project structure and then implement the database initialization.
[0m✱ [0mGlob "src/*.py"[90m 6 matches[0m
Let me check the existing database.py file:
[0m→ [0mRead src/database.py
[0m
[0m$ [0mls -la data/
total 20
drwxr-xr-x  5 julien julien 4096 Mar 12 17:04 .
drwxr-xr-x 15 julien julien 4096 Mar 12 17:39 ..
drwxr-xr-x  2 julien julien 4096 Mar 12 17:41 processed
drwxr-xr-x  2 julien julien 4096 Mar 12 17:19 raw
drwxr-xr-x  2 julien julien 4096 Mar 12 17:49 vector_db
[0m
The database.py file is already complete with all required functionality. Let me verify it works by running it:
[0m$ [0mls -la data/vector_db/
total 192
drwxr-xr-x 2 julien julien   4096 Mar 12 17:49 .
drwxr-xr-x 5 julien julien   4096 Mar 12 17:04 ..
-rw-r--r-- 1 julien julien 188416 Mar 12 17:49 chroma.sqlite3
[0m
[0m$ [0mpython -m src.database
2026-03-12 19:05:06,214 - __main__ - INFO - Initializing vector database...
2026-03-12 19:05:06,214 - __main__ - INFO - VectorDatabase initialized with persist_dir: data/vector_db
2026-03-12 19:05:06,214 - __main__ - INFO - Initializing vector database...
2026-03-12 19:05:06,338 - __main__ - INFO - ChromaDB client created at: data/vector_db
2026-03-12 19:05:06,344 - __main__ - INFO - Database initialization complete. Collections: ['combined', 'web_content', 'github_docs']
2026-03-12 19:05:06,344 - __main__ - INFO - Database statistics:
2026-03-12 19:05:06,352 - __main__ - INFO -   status: initialized
2026-03-12 19:05:06,352 - __main__ - INFO -   persist_directory: data/vector_db
2026-03-12 19:05:06,352 - __main__ - INFO -   combined: {'document_count': 0}
2026-03-12 19:05:06,352 - __main__ - INFO -   web_content: {'document_count': 0}
2026-03-12 19:05:06,352 - __main__ - INFO -   github_docs: {'document_count': 0}
2026-03-12 19:05:06,352 - __main__ - INFO - Database ready for use!
[0m
Perfect! The database initialization works. Now I'll mark Task 3.1 as complete in TASKS.md and check if database tests exist:
[0m$ [0mgrep -n "Task 3.1" TASKS.md
53:- [ ] Task 3.1: Initialize vector database and collections
[0m
[0m✱ [0mGlob "tests/test_database*.py"[90m 0 matches[0m
[0m
[0m# [0mTodos
[ ] Mark Task 3.1 as complete in TASKS.md
[ ] Create unit tests for database module
[ ] Run database tests to verify functionality
[ ] Update README.md with current progress
[0m
Now I'll create comprehensive tests for the database module and mark Task 3.1 as complete:
[0m→ [0mRead TASKS.md[90m [limit=10, offset=50][0m
[0m
[0m← [0mEdit TASKS.md
Index: /home/julien/Desktop/Free-Wiggum-opencode/projects/julien-rag/TASKS.md
===================================================================
--- /home/julien/Desktop/Free-Wiggum-opencode/projects/julien-rag/TASKS.md
+++ /home/julien/Desktop/Free-Wiggum-opencode/projects/julien-rag/TASKS.md
@@ -49,9 +49,9 @@
   - **Output:** `scripts/ingest_all.sh` running: `python -m src.pipeline`
   - **Output:** Comprehensive logs in `logs/ingestion_*.log`
 
 ## Phase 3: Vector Database Implementation
-- [ ] Task 3.1: Initialize vector database and collections
+- [x] Task 3.1: Initialize vector database and collections
   - **Deliverable:** Database setup script with collection creation and index configuration
   - **Tech:** ChromaDB persistent client with cosine similarity metric, HNSW index parameters
   - **Output:** `src/database.py` with `init_database()`, `create_collection(name)`, `get_collection(name)`
   - **Output:** Database directory created at `data/vector_db/`

[0m
[0m# [0mTodos
[x] Mark Task 3.1 as complete in TASKS.md
[ ] Create unit tests for database module
[ ] Run database tests to verify functionality
[ ] Update README.md with current progress
[0m
[0m→ [0mRead tests/__init__.py
[0m
[0m$ [0mls -la tests/
total 64
drwxr-xr-x  3 julien julien  4096 Mar 12 17:29 .
drwxr-xr-x 15 julien julien  4096 Mar 12 17:39 ..
-rw-r--r--  1 julien julien     0 Mar 12 17:04 __init__.py
drwxr-xr-x  2 julien julien  4096 Mar 12 17:37 __pycache__
-rw-r--r--  1 julien julien  2740 Mar 12 17:17 test_github_collector.py
-rw-r--r--  1 julien julien 26192 Mar 12 17:37 test_preprocessor.py
-rw-r--r--  1 julien julien 17809 Mar 12 17:25 test_web_scraper.py
[0m
Now I'll create comprehensive tests for the database module:
[0m→ [0mRead tests/test_github_collector.py[90m [limit=50][0m
Let me check an existing test file to understand the testing patterns:
Now I'll create comprehensive unit tests for the database module:
[0m
[0m← [0mWrite tests/test_database.py
Wrote file successfully.

LSP errors detected in other files:
<diagnostics file="/home/julien/Desktop/Free-Wiggum-opencode/projects/julien-rag/src/database.py">
ERROR [46:32] Expected class but received "(path: str | Path = "./chroma", settings: Settings | None = None, tenant: str = DEFAULT_TENANT, database: str = DEFAULT_DATABASE) -> ClientAPI"
ERROR [108:25] "errors" is not a known attribute of module "chromadb"
ERROR [206:25] Expected class but received "(path: str | Path = "./chroma", settings: Settings | None = None, tenant: str = DEFAULT_TENANT, database: str = DEFAULT_DATABASE) -> ClientAPI"
</diagnostics>
[0m
📝 Log saved: logs/iteration-39.md
📊 Token Usage: 6000 / Session: 6000 / 64000
