рҹҡҖ Starting Wiggum Worker for: julien-rag
рҹ“Қ Project Path: /home/julien/Desktop/Free-Wiggum-opencode/projects/julien-rag
вҸ° Started at: Thu Mar 12 09:55:53 PM EDT 2026
вҡЎ Token Budget: 64000
в”Ғв”Ғв”Ғв”Ғв”Ғв”Ғв”Ғв”Ғв”Ғв”Ғв”Ғв”Ғв”Ғв”Ғв”Ғв”Ғв”Ғв”Ғв”Ғв”Ғв”Ғв”Ғв”Ғв”Ғв”Ғв”Ғв”Ғв”Ғв”Ғв”Ғв”Ғв”Ғв•җв•җв•җв•җ

рҹ“Қ Iteration 216 at Thu Mar 12 09:55:53 PM EDT 2026...
рҹӨ– OpenCode processing: Task 4.2: Implement RAG generation pipeline
[0m
> build В· stepfun/step-3.5-flash:free
[0m
[91m[1mError: [0mUser not found.
рҹ“қ Log saved: logs/iteration-216.md
рҹ“Ҡ Token Usage: 4750 / Session: 4750 / 64000
вң… Changes committed
To github.com:Julien-ser/julien-rag.git
   09f1313..7c24db6  main -> main
вң… Pushed to GitHub
рҹ“Ҡ Updated Tasks: 13/17 completed, 4 remaining
   Next task: Task 4.2: Implement RAG generation pipeline...
рҹ“Қ Iteration 217 at Thu Mar 12 09:56:00 PM EDT 2026...
вң“ Progress: Git commit found
рҹ“Ҡ Task attempt 2: Progress detected, continuing...
рҹ“ҡ Loading context from previous iteration attempts...
   Found context in: iteration-216.md
рҹӨ– OpenCode processing: Task 4.2: Implement RAG generation pipeline
[0m
> build В· stepfun/step-3.5-flash:free
[0m
[91m[1mError: [0mUser not found.
рҹ“қ Log saved: logs/iteration-217.md
рҹ“Ҡ Token Usage: 5000 / Session: 9750 / 64000
вң… Changes committed
To github.com:Julien-ser/julien-rag.git
   7c24db6..c0c2e14  main -> main
вң… Pushed to GitHub
рҹ“Ҡ Updated Tasks: 13/17 completed, 4 remaining
   Next task: Task 4.2: Implement RAG generation pipeline...
рҹ“Қ Iteration 218 at Thu Mar 12 09:56:06 PM EDT 2026...
вң“ Progress: Git commit found
рҹ“Ҡ Task attempt 3: Progress detected, continuing...
рҹ“ҡ Loading context from previous iteration attempts...
   Found context in: iteration-217.md
рҹӨ– OpenCode processing: Task 4.2: Implement RAG generation pipeline
[0m
> build В· stepfun/step-3.5-flash:free
[0m
[91m[1mError: [0mUser not found.
рҹ“қ Log saved: logs/iteration-218.md
рҹ“Ҡ Token Usage: 5000 / Session: 14750 / 64000
вң… Changes committed
To github.com:Julien-ser/julien-rag.git
   c0c2e14..2a34528  main -> main
вң… Pushed to GitHub
рҹ“Ҡ Updated Tasks: 13/17 completed, 4 remaining
   Next task: Task 4.2: Implement RAG generation pipeline...
рҹ“Қ Iteration 219 at Thu Mar 12 09:56:12 PM EDT 2026...
вң“ Progress: Git commit found
рҹ“Ҡ Task attempt 4: Progress detected, continuing...
рҹ“ҡ Loading context from previous iteration attempts...
   Found context in: iteration-218.md
рҹӨ– OpenCode processing: Task 4.2: Implement RAG generation pipeline
[0m
> build В· stepfun/step-3.5-flash:free
[0m
[91m[1mError: [0mUser not found.
рҹ“қ Log saved: logs/iteration-219.md
рҹ“Ҡ Token Usage: 5000 / Session: 19750 / 64000
вң… Changes committed
To github.com:Julien-ser/julien-rag.git
   2a34528..1c95503  main -> main
вң… Pushed to GitHub
рҹ“Ҡ Updated Tasks: 13/17 completed, 4 remaining
   Next task: Task 4.2: Implement RAG generation pipeline...
рҹ“Қ Iteration 220 at Thu Mar 12 09:56:19 PM EDT 2026...
вң“ Progress: Git commit found
рҹ“Ҡ Task attempt 5: Progress detected, continuing...
рҹ“ҡ Loading context from previous iteration attempts...
   Found context in: iteration-219.md
рҹӨ– OpenCode processing: Task 4.2: Implement RAG generation pipeline
[0m
> build В· stepfun/step-3.5-flash:free
[0m
[91m[1mError: [0mUser not found.
рҹ“қ Log saved: logs/iteration-220.md
рҹ“Ҡ Token Usage: 5000 / Session: 24750 / 64000
вң… Changes committed
To github.com:Julien-ser/julien-rag.git
   1c95503..1cab578  main -> main
вң… Pushed to GitHub
рҹ“Ҡ Updated Tasks: 13/17 completed, 4 remaining
   Next task: Task 4.2: Implement RAG generation pipeline...
рҹ“Қ Iteration 221 at Thu Mar 12 09:56:25 PM EDT 2026...
вң“ Progress: Git commit found
рҹ“Ҡ Task attempt 6: Progress detected, continuing...
рҹ“ҡ Loading context from previous iteration attempts...
   Found context in: iteration-220.md
рҹӨ– OpenCode processing: Task 4.2: Implement RAG generation pipeline
[0m
> build В· stepfun/step-3.5-flash:free
[0m
[91m[1mError: [0mUser not found.
рҹ“қ Log saved: logs/iteration-221.md
рҹ“Ҡ Token Usage: 5000 / Session: 29750 / 64000
вң… Changes committed
To github.com:Julien-ser/julien-rag.git
   1cab578..5f027fb  main -> main
вң… Pushed to GitHub
рҹ“Ҡ Updated Tasks: 13/17 completed, 4 remaining
   Next task: Task 4.2: Implement RAG generation pipeline...
рҹ“Қ Iteration 222 at Thu Mar 12 09:56:31 PM EDT 2026...
вң“ Progress: Git commit found
рҹ“Ҡ Task attempt 7: Progress detected, continuing...
рҹ“ҡ Loading context from previous iteration attempts...
   Found context in: iteration-221.md
рҹӨ– OpenCode processing: Task 4.2: Implement RAG generation pipeline
[0m
> build В· stepfun/step-3.5-flash:free
[0m
[91m[1mError: [0mUser not found.
рҹ“қ Log saved: logs/iteration-222.md
рҹ“Ҡ Token Usage: 5000 / Session: 34750 / 64000
вң… Changes committed
To github.com:Julien-ser/julien-rag.git
   5f027fb..147a0ba  main -> main
вң… Pushed to GitHub
рҹ“Ҡ Updated Tasks: 13/17 completed, 4 remaining
   Next task: Task 4.2: Implement RAG generation pipeline...
рҹ“Қ Iteration 223 at Thu Mar 12 09:56:37 PM EDT 2026...
вң“ Progress: Git commit found
рҹ“Ҡ Task attempt 8: Progress detected, continuing...
рҹ“ҡ Loading context from previous iteration attempts...
   Found context in: iteration-222.md
рҹӨ– OpenCode processing: Task 4.2: Implement RAG generation pipeline
[0m
> build В· stepfun/step-3.5-flash:free
[0m
[91m[1mError: [0mUser not found.
рҹ“қ Log saved: logs/iteration-223.md
рҹ“Ҡ Token Usage: 5000 / Session: 39750 / 64000
вң… Changes committed
To github.com:Julien-ser/julien-rag.git
   147a0ba..961c8e9  main -> main
вң… Pushed to GitHub
рҹ“Ҡ Updated Tasks: 13/17 completed, 4 remaining
   Next task: Task 4.2: Implement RAG generation pipeline...
рҹ“Қ Iteration 224 at Thu Mar 12 09:56:43 PM EDT 2026...
вң“ Progress: Git commit found
рҹ“Ҡ Task attempt 9: Progress detected, continuing...
рҹ“ҡ Loading context from previous iteration attempts...
   Found context in: iteration-223.md
рҹӨ– OpenCode processing: Task 4.2: Implement RAG generation pipeline
[0m
> build В· stepfun/step-3.5-flash:free
[0m
[91m[1mError: [0mUser not found.
рҹ“қ Log saved: logs/iteration-224.md
рҹ“Ҡ Token Usage: 5000 / Session: 44750 / 64000
