рҹҡҖ Starting Wiggum Worker for: julien-rag
рҹ“Қ Project Path: /home/julien/Desktop/Free-Wiggum-opencode/projects/julien-rag
вҸ° Started at: Thu Mar 12 09:58:37 PM EDT 2026
вҡЎ Token Budget: 64000
в”Ғв”Ғв”Ғв”Ғв”Ғв”Ғв”Ғв”Ғв”Ғв”Ғв”Ғв”Ғв”Ғв”Ғв”Ғв”Ғв”Ғв”Ғв”Ғв”Ғв”Ғв”Ғв”Ғв”Ғв”Ғв”Ғв”Ғв”Ғв”Ғв”Ғв”Ғв”Ғв•җв•җв•җв•җ

рҹ“Қ Iteration 242 at Thu Mar 12 09:58:37 PM EDT 2026...
рҹӨ– OpenCode processing: Task 4.2: Implement RAG generation pipeline
[0m
> build В· stepfun/step-3.5-flash:free
[0m
[91m[1mError: [0mUser not found.
рҹ“қ Log saved: logs/iteration-242.md
рҹ“Ҡ Token Usage: 4750 / Session: 4750 / 64000
вң… Changes committed
To github.com:Julien-ser/julien-rag.git
   aebbfcc..d150ff5  main -> main
вң… Pushed to GitHub
рҹ“Ҡ Updated Tasks: 13/17 completed, 4 remaining
   Next task: Task 4.2: Implement RAG generation pipeline...
рҹ“Қ Iteration 243 at Thu Mar 12 09:58:44 PM EDT 2026...
вң“ Progress: Git commit found
рҹ“Ҡ Task attempt 2: Progress detected, continuing...
рҹ“ҡ Loading context from previous iteration attempts...
   Found context in: iteration-242.md
рҹӨ– OpenCode processing: Task 4.2: Implement RAG generation pipeline
[0m
> build В· stepfun/step-3.5-flash:free
[0m
[91m[1mError: [0mUser not found.
рҹ“қ Log saved: logs/iteration-243.md
рҹ“Ҡ Token Usage: 5000 / Session: 9750 / 64000
вң… Changes committed
To github.com:Julien-ser/julien-rag.git
   d150ff5..b1eff26  main -> main
вң… Pushed to GitHub
рҹ“Ҡ Updated Tasks: 13/17 completed, 4 remaining
   Next task: Task 4.2: Implement RAG generation pipeline...
рҹ“Қ Iteration 244 at Thu Mar 12 09:58:49 PM EDT 2026...
вң“ Progress: Git commit found
рҹ“Ҡ Task attempt 3: Progress detected, continuing...
рҹ“ҡ Loading context from previous iteration attempts...
   Found context in: iteration-243.md
рҹӨ– OpenCode processing: Task 4.2: Implement RAG generation pipeline
[0m
> build В· stepfun/step-3.5-flash:free
[0m
[91m[1mError: [0mUser not found.
рҹ“қ Log saved: logs/iteration-244.md
рҹ“Ҡ Token Usage: 5000 / Session: 14750 / 64000
вң… Changes committed
To github.com:Julien-ser/julien-rag.git
   b1eff26..1e07d46  main -> main
вң… Pushed to GitHub
рҹ“Ҡ Updated Tasks: 13/17 completed, 4 remaining
   Next task: Task 4.2: Implement RAG generation pipeline...
рҹ“Қ Iteration 245 at Thu Mar 12 09:58:55 PM EDT 2026...
вң“ Progress: Git commit found
рҹ“Ҡ Task attempt 4: Progress detected, continuing...
рҹ“ҡ Loading context from previous iteration attempts...
   Found context in: iteration-244.md
рҹӨ– OpenCode processing: Task 4.2: Implement RAG generation pipeline
[0m
> build В· stepfun/step-3.5-flash:free
[0m
[91m[1mError: [0mUser not found.
рҹ“қ Log saved: logs/iteration-245.md
рҹ“Ҡ Token Usage: 5000 / Session: 19750 / 64000
вң… Changes committed
To github.com:Julien-ser/julien-rag.git
   1e07d46..4d9571c  main -> main
вң… Pushed to GitHub
рҹ“Ҡ Updated Tasks: 13/17 completed, 4 remaining
   Next task: Task 4.2: Implement RAG generation pipeline...
рҹ“Қ Iteration 246 at Thu Mar 12 09:59:02 PM EDT 2026...
вң“ Progress: Git commit found
рҹ“Ҡ Task attempt 5: Progress detected, continuing...
рҹ“ҡ Loading context from previous iteration attempts...
   Found context in: iteration-245.md
рҹӨ– OpenCode processing: Task 4.2: Implement RAG generation pipeline
[0m
> build В· stepfun/step-3.5-flash:free
[0m
[91m[1mError: [0mUser not found.
рҹ“қ Log saved: logs/iteration-246.md
рҹ“Ҡ Token Usage: 5000 / Session: 24750 / 64000
вң… Changes committed
To github.com:Julien-ser/julien-rag.git
   4d9571c..81849b7  main -> main
вң… Pushed to GitHub
рҹ“Ҡ Updated Tasks: 13/17 completed, 4 remaining
   Next task: Task 4.2: Implement RAG generation pipeline...
рҹ“Қ Iteration 247 at Thu Mar 12 09:59:08 PM EDT 2026...
вң“ Progress: Git commit found
рҹ“Ҡ Task attempt 6: Progress detected, continuing...
рҹ“ҡ Loading context from previous iteration attempts...
   Found context in: iteration-246.md
рҹӨ– OpenCode processing: Task 4.2: Implement RAG generation pipeline
[0m
> build В· stepfun/step-3.5-flash:free
[0m
[91m[1mError: [0mUser not found.
рҹ“қ Log saved: logs/iteration-247.md
рҹ“Ҡ Token Usage: 5000 / Session: 29750 / 64000
вң… Changes committed
To github.com:Julien-ser/julien-rag.git
   81849b7..771abad  main -> main
вң… Pushed to GitHub
рҹ“Ҡ Updated Tasks: 13/17 completed, 4 remaining
   Next task: Task 4.2: Implement RAG generation pipeline...
рҹ“Қ Iteration 248 at Thu Mar 12 09:59:13 PM EDT 2026...
вң“ Progress: Git commit found
рҹ“Ҡ Task attempt 7: Progress detected, continuing...
рҹ“ҡ Loading context from previous iteration attempts...
   Found context in: iteration-247.md
рҹӨ– OpenCode processing: Task 4.2: Implement RAG generation pipeline
[0m
> build В· stepfun/step-3.5-flash:free
[0m
[91m[1mError: [0mUser not found.
рҹ“қ Log saved: logs/iteration-248.md
рҹ“Ҡ Token Usage: 5000 / Session: 34750 / 64000
вң… Changes committed
To github.com:Julien-ser/julien-rag.git
   771abad..b6da4bb  main -> main
вң… Pushed to GitHub
рҹ“Ҡ Updated Tasks: 13/17 completed, 4 remaining
   Next task: Task 4.2: Implement RAG generation pipeline...
рҹ“Қ Iteration 249 at Thu Mar 12 09:59:21 PM EDT 2026...
вң“ Progress: Git commit found
рҹ“Ҡ Task attempt 8: Progress detected, continuing...
рҹ“ҡ Loading context from previous iteration attempts...
   Found context in: iteration-248.md
рҹӨ– OpenCode processing: Task 4.2: Implement RAG generation pipeline
[0m
> build В· stepfun/step-3.5-flash:free
[0m
[91m[1mError: [0mUser not found.
рҹ“қ Log saved: logs/iteration-249.md
рҹ“Ҡ Token Usage: 5000 / Session: 39750 / 64000
