🚀 Starting Wiggum Worker for: julien-rag
📍 Project Path: /home/julien/Desktop/Free-Wiggum-opencode/projects/julien-rag
⏰ Started at: Thu Mar 12 09:31:49 PM EDT 2026
⚡ Token Budget: 64000
━━━━━━━━━━━━━━━━━━━━━━━━━━━━━━━━════

📍 Iteration 153 at Thu Mar 12 09:31:49 PM EDT 2026...
🤖 OpenCode processing: Task 3.3: Implement similarity search functionality
[0m
> build · stepfun/step-3.5-flash:free
[0m
[91m[1mError: [0mUser not found.
📝 Log saved: logs/iteration-153.md
📊 Token Usage: 4500 / Session: 4500 / 64000
✅ Changes committed
To github.com:Julien-ser/julien-rag.git
   9796429..24c9dfa  main -> main
✅ Pushed to GitHub
📊 Updated Tasks: 10/17 completed, 7 remaining
   Next task: Task 3.3: Implement similarity search functionality...
📍 Iteration 154 at Thu Mar 12 09:31:55 PM EDT 2026...
✓ Progress: Git commit found
📊 Task attempt 2: Progress detected, continuing...
📚 Loading context from previous iteration attempts...
   Found context in: iteration-153.md
🤖 OpenCode processing: Task 3.3: Implement similarity search functionality
[0m
> build · stepfun/step-3.5-flash:free
[0m
[91m[1mError: [0mUser not found.
📝 Log saved: logs/iteration-154.md
📊 Token Usage: 4750 / Session: 9250 / 64000
✅ Changes committed
To github.com:Julien-ser/julien-rag.git
   24c9dfa..c363068  main -> main
✅ Pushed to GitHub
📊 Updated Tasks: 10/17 completed, 7 remaining
   Next task: Task 3.3: Implement similarity search functionality...
📍 Iteration 155 at Thu Mar 12 09:32:01 PM EDT 2026...
✓ Progress: Git commit found
📊 Task attempt 3: Progress detected, continuing...
📚 Loading context from previous iteration attempts...
   Found context in: iteration-154.md
🤖 OpenCode processing: Task 3.3: Implement similarity search functionality
[0m
> build · stepfun/step-3.5-flash:free
[0m
[91m[1mError: [0mUser not found.
📝 Log saved: logs/iteration-155.md
📊 Token Usage: 4750 / Session: 14000 / 64000
