🚀 Starting Wiggum Worker for: julien-rag
📍 Project Path: /home/julien/Desktop/Free-Wiggum-opencode/projects/julien-rag
⏰ Started at: Thu Mar 12 09:34:39 PM EDT 2026
⚡ Token Budget: 64000
━━━━━━━━━━━━━━━━━━━━━━━━━━━━━━━━════

📍 Iteration 166 at Thu Mar 12 09:34:39 PM EDT 2026...
🤖 OpenCode processing: Task 3.3: Implement similarity search functionality
[0m
> build · stepfun/step-3.5-flash:free
[0m
[91m[1mError: [0mMissing Authentication header
📝 Log saved: logs/iteration-166.md
📊 Token Usage: 4500 / Session: 4500 / 64000
✅ Changes committed
To github.com:Julien-ser/julien-rag.git
   333b432..f009d07  main -> main
✅ Pushed to GitHub
📊 Updated Tasks: 10/17 completed, 7 remaining
   Next task: Task 3.3: Implement similarity search functionality...
📍 Iteration 167 at Thu Mar 12 09:34:46 PM EDT 2026...
✓ Progress: Git commit found
📊 Task attempt 2: Progress detected, continuing...
📚 Loading context from previous iteration attempts...
   Found context in: iteration-166.md
🤖 OpenCode processing: Task 3.3: Implement similarity search functionality
[0m
> build · stepfun/step-3.5-flash:free
[0m
[91m[1mError: [0mMissing Authentication header
📝 Log saved: logs/iteration-167.md
📊 Token Usage: 4750 / Session: 9250 / 64000
