рҹҡҖ Starting Wiggum Worker for: julien-rag
рҹ“Қ Project Path: /home/julien/Desktop/Free-Wiggum-opencode/projects/julien-rag
вҸ° Started at: Thu Mar 12 09:29:52 PM EDT 2026
вҡЎ Token Budget: 64000
в”Ғв”Ғв”Ғв”Ғв”Ғв”Ғв”Ғв”Ғв”Ғв”Ғв”Ғв”Ғв”Ғв”Ғв”Ғв”Ғв”Ғв”Ғв”Ғв”Ғв”Ғв”Ғв”Ғв”Ғв”Ғв”Ғв”Ғв”Ғв”Ғв”Ғв”Ғв”Ғв•җв•җв•җв•җ

рҹ“Қ Iteration 138 at Thu Mar 12 09:29:52 PM EDT 2026...
рҹӨ– OpenCode processing: Task 3.3: Implement similarity search functionality
[0m
> build В· stepfun/step-3.5-flash:free
[0m
[91m[1mError: [0mUser not found.
рҹ“қ Log saved: logs/iteration-138.md
рҹ“Ҡ Token Usage: 4500 / Session: 4500 / 64000
вң… Changes committed
To github.com:Julien-ser/julien-rag.git
   6037372..a68fdea  main -> main
вң… Pushed to GitHub
рҹ“Ҡ Updated Tasks: 10/17 completed, 7 remaining
   Next task: Task 3.3: Implement similarity search functionality...
рҹ“Қ Iteration 139 at Thu Mar 12 09:29:58 PM EDT 2026...
вң“ Progress: Git commit found
рҹ“Ҡ Task attempt 2: Progress detected, continuing...
рҹ“ҡ Loading context from previous iteration attempts...
   Found context in: iteration-138.md
рҹӨ– OpenCode processing: Task 3.3: Implement similarity search functionality
[0m
> build В· stepfun/step-3.5-flash:free
[0m
[91m[1mError: [0mUser not found.
рҹ“қ Log saved: logs/iteration-139.md
рҹ“Ҡ Token Usage: 4750 / Session: 9250 / 64000
вң… Changes committed
To github.com:Julien-ser/julien-rag.git
   a68fdea..7014f17  main -> main
вң… Pushed to GitHub
рҹ“Ҡ Updated Tasks: 10/17 completed, 7 remaining
   Next task: Task 3.3: Implement similarity search functionality...
рҹ“Қ Iteration 140 at Thu Mar 12 09:30:04 PM EDT 2026...
вң“ Progress: Git commit found
рҹ“Ҡ Task attempt 3: Progress detected, continuing...
рҹ“ҡ Loading context from previous iteration attempts...
   Found context in: iteration-139.md
рҹӨ– OpenCode processing: Task 3.3: Implement similarity search functionality
[0m
> build В· stepfun/step-3.5-flash:free
[0m
[91m[1mError: [0mUser not found.
рҹ“қ Log saved: logs/iteration-140.md
рҹ“Ҡ Token Usage: 4750 / Session: 14000 / 64000
вң… Changes committed
To github.com:Julien-ser/julien-rag.git
   7014f17..5ef48f6  main -> main
вң… Pushed to GitHub
рҹ“Ҡ Updated Tasks: 10/17 completed, 7 remaining
   Next task: Task 3.3: Implement similarity search functionality...
рҹ“Қ Iteration 141 at Thu Mar 12 09:30:10 PM EDT 2026...
вң“ Progress: Git commit found
рҹ“Ҡ Task attempt 4: Progress detected, continuing...
рҹ“ҡ Loading context from previous iteration attempts...
   Found context in: iteration-140.md
рҹӨ– OpenCode processing: Task 3.3: Implement similarity search functionality
[0m
> build В· stepfun/step-3.5-flash:free
[0m
[91m[1mError: [0mUser not found.
рҹ“қ Log saved: logs/iteration-141.md
рҹ“Ҡ Token Usage: 4750 / Session: 18750 / 64000
вң… Changes committed
To github.com:Julien-ser/julien-rag.git
   5ef48f6..5810656  main -> main
вң… Pushed to GitHub
рҹ“Ҡ Updated Tasks: 10/17 completed, 7 remaining
   Next task: Task 3.3: Implement similarity search functionality...
рҹ“Қ Iteration 142 at Thu Mar 12 09:30:15 PM EDT 2026...
вң“ Progress: Git commit found
рҹ“Ҡ Task attempt 5: Progress detected, continuing...
рҹ“ҡ Loading context from previous iteration attempts...
   Found context in: iteration-141.md
рҹӨ– OpenCode processing: Task 3.3: Implement similarity search functionality
[0m
> build В· stepfun/step-3.5-flash:free
[0m
[91m[1mError: [0mUser not found.
рҹ“қ Log saved: logs/iteration-142.md
рҹ“Ҡ Token Usage: 4750 / Session: 23500 / 64000
вң… Changes committed
To github.com:Julien-ser/julien-rag.git
   5810656..b01640a  main -> main
вң… Pushed to GitHub
рҹ“Ҡ Updated Tasks: 10/17 completed, 7 remaining
   Next task: Task 3.3: Implement similarity search functionality...
рҹ“Қ Iteration 143 at Thu Mar 12 09:30:21 PM EDT 2026...
вң“ Progress: Git commit found
рҹ“Ҡ Task attempt 6: Progress detected, continuing...
рҹ“ҡ Loading context from previous iteration attempts...
   Found context in: iteration-142.md
рҹӨ– OpenCode processing: Task 3.3: Implement similarity search functionality
[0m
> build В· stepfun/step-3.5-flash:free
[0m
[91m[1mError: [0mUser not found.
рҹ“қ Log saved: logs/iteration-143.md
рҹ“Ҡ Token Usage: 4750 / Session: 28250 / 64000
вң… Changes committed
To github.com:Julien-ser/julien-rag.git
   b01640a..753983b  main -> main
вң… Pushed to GitHub
рҹ“Ҡ Updated Tasks: 10/17 completed, 7 remaining
   Next task: Task 3.3: Implement similarity search functionality...
рҹ“Қ Iteration 144 at Thu Mar 12 09:30:27 PM EDT 2026...
вң“ Progress: Git commit found
рҹ“Ҡ Task attempt 7: Progress detected, continuing...
рҹ“ҡ Loading context from previous iteration attempts...
   Found context in: iteration-143.md
рҹӨ– OpenCode processing: Task 3.3: Implement similarity search functionality
[0m
> build В· stepfun/step-3.5-flash:free
[0m
[91m[1mError: [0mUser not found.
рҹ“қ Log saved: logs/iteration-144.md
рҹ“Ҡ Token Usage: 4750 / Session: 33000 / 64000
вң… Changes committed
To github.com:Julien-ser/julien-rag.git
   753983b..4e7b3ac  main -> main
вң… Pushed to GitHub
рҹ“Ҡ Updated Tasks: 10/17 completed, 7 remaining
   Next task: Task 3.3: Implement similarity search functionality...
рҹ“Қ Iteration 145 at Thu Mar 12 09:30:32 PM EDT 2026...
вң“ Progress: Git commit found
рҹ“Ҡ Task attempt 8: Progress detected, continuing...
рҹ“ҡ Loading context from previous iteration attempts...
   Found context in: iteration-144.md
рҹӨ– OpenCode processing: Task 3.3: Implement similarity search functionality
[0m
> build В· stepfun/step-3.5-flash:free
[0m
[91m[1mError: [0mUser not found.
рҹ“қ Log saved: logs/iteration-145.md
рҹ“Ҡ Token Usage: 4750 / Session: 37750 / 64000
