🚀 Starting Wiggum Worker for: julien-rag
📍 Project Path: /home/julien/Desktop/Free-Wiggum-opencode/projects/julien-rag
⏰ Started at: Thu Mar 12 09:26:03 PM EDT 2026
⚡ Token Budget: 64000
━━━━━━━━━━━━━━━━━━━━━━━━━━━━━━━━════

📍 Iteration 106 at Thu Mar 12 09:26:03 PM EDT 2026...
🤖 OpenCode processing: Task 3.3: Implement similarity search functionality
[0m
> build · stepfun/step-3.5-flash:free
[0m
[91m[1mError: [0mUser not found.
📝 Log saved: logs/iteration-106.md
📊 Token Usage: 4500 / Session: 4500 / 64000
✅ Changes committed
To github.com:Julien-ser/julien-rag.git
   7372167..5014d84  main -> main
✅ Pushed to GitHub
📊 Updated Tasks: 10/17 completed, 7 remaining
   Next task: Task 3.3: Implement similarity search functionality...
📍 Iteration 107 at Thu Mar 12 09:26:09 PM EDT 2026...
✓ Progress: Git commit found
📊 Task attempt 2: Progress detected, continuing...
📚 Loading context from previous iteration attempts...
   Found context in: iteration-106.md
🤖 OpenCode processing: Task 3.3: Implement similarity search functionality
[0m
> build · stepfun/step-3.5-flash:free
[0m
[91m[1mError: [0mUser not found.
📝 Log saved: logs/iteration-107.md
📊 Token Usage: 4750 / Session: 9250 / 64000
✅ Changes committed
To github.com:Julien-ser/julien-rag.git
   5014d84..923681b  main -> main
✅ Pushed to GitHub
📊 Updated Tasks: 10/17 completed, 7 remaining
   Next task: Task 3.3: Implement similarity search functionality...
📍 Iteration 108 at Thu Mar 12 09:26:15 PM EDT 2026...
✓ Progress: Git commit found
📊 Task attempt 3: Progress detected, continuing...
📚 Loading context from previous iteration attempts...
   Found context in: iteration-107.md
🤖 OpenCode processing: Task 3.3: Implement similarity search functionality
[0m
> build · stepfun/step-3.5-flash:free
[0m
[91m[1mError: [0mUser not found.
📝 Log saved: logs/iteration-108.md
📊 Token Usage: 4750 / Session: 14000 / 64000
✅ Changes committed
To github.com:Julien-ser/julien-rag.git
   923681b..c15ae2c  main -> main
✅ Pushed to GitHub
📊 Updated Tasks: 10/17 completed, 7 remaining
   Next task: Task 3.3: Implement similarity search functionality...
📍 Iteration 109 at Thu Mar 12 09:26:21 PM EDT 2026...
✓ Progress: Git commit found
📊 Task attempt 4: Progress detected, continuing...
📚 Loading context from previous iteration attempts...
   Found context in: iteration-108.md
🤖 OpenCode processing: Task 3.3: Implement similarity search functionality
[0m
> build · stepfun/step-3.5-flash:free
[0m
[91m[1mError: [0mUser not found.
📝 Log saved: logs/iteration-109.md
📊 Token Usage: 4750 / Session: 18750 / 64000
✅ Changes committed
To github.com:Julien-ser/julien-rag.git
   c15ae2c..2665da7  main -> main
✅ Pushed to GitHub
📊 Updated Tasks: 10/17 completed, 7 remaining
   Next task: Task 3.3: Implement similarity search functionality...
📍 Iteration 110 at Thu Mar 12 09:26:26 PM EDT 2026...
✓ Progress: Git commit found
📊 Task attempt 5: Progress detected, continuing...
📚 Loading context from previous iteration attempts...
   Found context in: iteration-109.md
🤖 OpenCode processing: Task 3.3: Implement similarity search functionality
[0m
> build · stepfun/step-3.5-flash:free
[0m
[91m[1mError: [0mUser not found.
📝 Log saved: logs/iteration-110.md
📊 Token Usage: 4750 / Session: 23500 / 64000
✅ Changes committed
To github.com:Julien-ser/julien-rag.git
   2665da7..ed31fc4  main -> main
✅ Pushed to GitHub
📊 Updated Tasks: 10/17 completed, 7 remaining
   Next task: Task 3.3: Implement similarity search functionality...
📍 Iteration 111 at Thu Mar 12 09:26:32 PM EDT 2026...
✓ Progress: Git commit found
📊 Task attempt 6: Progress detected, continuing...
📚 Loading context from previous iteration attempts...
   Found context in: iteration-110.md
🤖 OpenCode processing: Task 3.3: Implement similarity search functionality
[0m
> build · stepfun/step-3.5-flash:free
[0m
[91m[1mError: [0mUser not found.
📝 Log saved: logs/iteration-111.md
📊 Token Usage: 4750 / Session: 28250 / 64000
✅ Changes committed
To github.com:Julien-ser/julien-rag.git
   ed31fc4..7fc4d27  main -> main
✅ Pushed to GitHub
📊 Updated Tasks: 10/17 completed, 7 remaining
   Next task: Task 3.3: Implement similarity search functionality...
📍 Iteration 112 at Thu Mar 12 09:26:37 PM EDT 2026...
✓ Progress: Git commit found
📊 Task attempt 7: Progress detected, continuing...
📚 Loading context from previous iteration attempts...
   Found context in: iteration-111.md
🤖 OpenCode processing: Task 3.3: Implement similarity search functionality
[0m
> build · stepfun/step-3.5-flash:free
[0m
[91m[1mError: [0mUser not found.
📝 Log saved: logs/iteration-112.md
📊 Token Usage: 4750 / Session: 33000 / 64000
✅ Changes committed
To github.com:Julien-ser/julien-rag.git
   7fc4d27..99d988e  main -> main
✅ Pushed to GitHub
📊 Updated Tasks: 10/17 completed, 7 remaining
   Next task: Task 3.3: Implement similarity search functionality...
📍 Iteration 113 at Thu Mar 12 09:26:43 PM EDT 2026...
✓ Progress: Git commit found
📊 Task attempt 8: Progress detected, continuing...
📚 Loading context from previous iteration attempts...
   Found context in: iteration-112.md
🤖 OpenCode processing: Task 3.3: Implement similarity search functionality
[0m
> build · stepfun/step-3.5-flash:free
[0m
[91m[1mError: [0mUser not found.
📝 Log saved: logs/iteration-113.md
📊 Token Usage: 4750 / Session: 37750 / 64000
✅ Changes committed
To github.com:Julien-ser/julien-rag.git
   99d988e..24a619e  main -> main
✅ Pushed to GitHub
📊 Updated Tasks: 10/17 completed, 7 remaining
   Next task: Task 3.3: Implement similarity search functionality...
📍 Iteration 114 at Thu Mar 12 09:26:49 PM EDT 2026...
✓ Progress: Git commit found
📊 Task attempt 9: Progress detected, continuing...
📚 Loading context from previous iteration attempts...
   Found context in: iteration-113.md
🤖 OpenCode processing: Task 3.3: Implement similarity search functionality
[0m
> build · stepfun/step-3.5-flash:free
[0m
[91m[1mError: [0mUser not found.
📝 Log saved: logs/iteration-114.md
📊 Token Usage: 4750 / Session: 42500 / 64000
✅ Changes committed
To github.com:Julien-ser/julien-rag.git
   24a619e..08a4ab0  main -> main
✅ Pushed to GitHub
📊 Updated Tasks: 10/17 completed, 7 remaining
   Next task: Task 3.3: Implement similarity search functionality...
📍 Iteration 115 at Thu Mar 12 09:26:54 PM EDT 2026...
✓ Progress: Git commit found
📊 Task attempt 10: Progress detected, continuing...
📚 Loading context from previous iteration attempts...
   Found context in: iteration-114.md
🤖 OpenCode processing: Task 3.3: Implement similarity search functionality
[0m
> build · stepfun/step-3.5-flash:free
[0m
[91m[1mError: [0mUser not found.
📝 Log saved: logs/iteration-115.md
📊 Token Usage: 4750 / Session: 47250 / 64000
