рҹҡҖ Starting Wiggum Worker for: julien-rag
рҹ“Қ Project Path: /home/julien/Desktop/Free-Wiggum-opencode/projects/julien-rag
вҸ° Started at: Thu Mar 12 09:27:23 PM EDT 2026
вҡЎ Token Budget: 64000
в”Ғв”Ғв”Ғв”Ғв”Ғв”Ғв”Ғв”Ғв”Ғв”Ғв”Ғв”Ғв”Ғв”Ғв”Ғв”Ғв”Ғв”Ғв”Ғв”Ғв”Ғв”Ғв”Ғв”Ғв”Ғв”Ғв”Ғв”Ғв”Ғв”Ғв”Ғв”Ғв•җв•җв•җв•җ

рҹ“Қ Iteration 120 at Thu Mar 12 09:27:23 PM EDT 2026...
рҹӨ– OpenCode processing: Task 3.3: Implement similarity search functionality
[0m
> build В· stepfun/step-3.5-flash:free
[0m
[91m[1mError: [0mUser not found.
рҹ“қ Log saved: logs/iteration-120.md
рҹ“Ҡ Token Usage: 4500 / Session: 4500 / 64000
вң… Changes committed
To github.com:Julien-ser/julien-rag.git
   a206be9..cc922d0  main -> main
вң… Pushed to GitHub
рҹ“Ҡ Updated Tasks: 10/17 completed, 7 remaining
   Next task: Task 3.3: Implement similarity search functionality...
рҹ“Қ Iteration 121 at Thu Mar 12 09:27:29 PM EDT 2026...
вң“ Progress: Git commit found
рҹ“Ҡ Task attempt 2: Progress detected, continuing...
рҹ“ҡ Loading context from previous iteration attempts...
   Found context in: iteration-120.md
рҹӨ– OpenCode processing: Task 3.3: Implement similarity search functionality
[0m
> build В· stepfun/step-3.5-flash:free
[0m
[91m[1mError: [0mUser not found.
рҹ“қ Log saved: logs/iteration-121.md
рҹ“Ҡ Token Usage: 4750 / Session: 9250 / 64000
вң… Changes committed
To github.com:Julien-ser/julien-rag.git
   cc922d0..37fb48a  main -> main
вң… Pushed to GitHub
рҹ“Ҡ Updated Tasks: 10/17 completed, 7 remaining
   Next task: Task 3.3: Implement similarity search functionality...
рҹ“Қ Iteration 122 at Thu Mar 12 09:27:35 PM EDT 2026...
вң“ Progress: Git commit found
рҹ“Ҡ Task attempt 3: Progress detected, continuing...
рҹ“ҡ Loading context from previous iteration attempts...
   Found context in: iteration-121.md
рҹӨ– OpenCode processing: Task 3.3: Implement similarity search functionality
[0m
> build В· stepfun/step-3.5-flash:free
[0m
[91m[1mError: [0mUser not found.
рҹ“қ Log saved: logs/iteration-122.md
рҹ“Ҡ Token Usage: 4750 / Session: 14000 / 64000
вң… Changes committed
To github.com:Julien-ser/julien-rag.git
   37fb48a..da7ff0c  main -> main
вң… Pushed to GitHub
рҹ“Ҡ Updated Tasks: 10/17 completed, 7 remaining
   Next task: Task 3.3: Implement similarity search functionality...
рҹ“Қ Iteration 123 at Thu Mar 12 09:27:41 PM EDT 2026...
вң“ Progress: Git commit found
рҹ“Ҡ Task attempt 4: Progress detected, continuing...
рҹ“ҡ Loading context from previous iteration attempts...
   Found context in: iteration-122.md
рҹӨ– OpenCode processing: Task 3.3: Implement similarity search functionality
[0m
> build В· stepfun/step-3.5-flash:free
[0m
[91m[1mError: [0mUser not found.
рҹ“қ Log saved: logs/iteration-123.md
рҹ“Ҡ Token Usage: 4750 / Session: 18750 / 64000
вң… Changes committed
To github.com:Julien-ser/julien-rag.git
   da7ff0c..1435440  main -> main
вң… Pushed to GitHub
рҹ“Ҡ Updated Tasks: 10/17 completed, 7 remaining
   Next task: Task 3.3: Implement similarity search functionality...
рҹ“Қ Iteration 124 at Thu Mar 12 09:27:47 PM EDT 2026...
вң“ Progress: Git commit found
рҹ“Ҡ Task attempt 5: Progress detected, continuing...
рҹ“ҡ Loading context from previous iteration attempts...
   Found context in: iteration-123.md
рҹӨ– OpenCode processing: Task 3.3: Implement similarity search functionality
[0m
> build В· stepfun/step-3.5-flash:free
[0m
[91m[1mError: [0mUser not found.
рҹ“қ Log saved: logs/iteration-124.md
рҹ“Ҡ Token Usage: 4750 / Session: 23500 / 64000
вң… Changes committed
To github.com:Julien-ser/julien-rag.git
   1435440..69ed7c7  main -> main
вң… Pushed to GitHub
рҹ“Ҡ Updated Tasks: 10/17 completed, 7 remaining
   Next task: Task 3.3: Implement similarity search functionality...
рҹ“Қ Iteration 125 at Thu Mar 12 09:27:52 PM EDT 2026...
вң“ Progress: Git commit found
рҹ“Ҡ Task attempt 6: Progress detected, continuing...
рҹ“ҡ Loading context from previous iteration attempts...
   Found context in: iteration-124.md
рҹӨ– OpenCode processing: Task 3.3: Implement similarity search functionality
[0m
> build В· stepfun/step-3.5-flash:free
[0m
[91m[1mError: [0mUser not found.
рҹ“қ Log saved: logs/iteration-125.md
рҹ“Ҡ Token Usage: 4750 / Session: 28250 / 64000
вң… Changes committed
To github.com:Julien-ser/julien-rag.git
   69ed7c7..e470800  main -> main
вң… Pushed to GitHub
рҹ“Ҡ Updated Tasks: 10/17 completed, 7 remaining
   Next task: Task 3.3: Implement similarity search functionality...
рҹ“Қ Iteration 126 at Thu Mar 12 09:27:58 PM EDT 2026...
вң“ Progress: Git commit found
рҹ“Ҡ Task attempt 7: Progress detected, continuing...
рҹ“ҡ Loading context from previous iteration attempts...
   Found context in: iteration-125.md
рҹӨ– OpenCode processing: Task 3.3: Implement similarity search functionality
[0m
> build В· stepfun/step-3.5-flash:free
[0m
[91m[1mError: [0mUser not found.
рҹ“қ Log saved: logs/iteration-126.md
рҹ“Ҡ Token Usage: 4750 / Session: 33000 / 64000
вң… Changes committed
To github.com:Julien-ser/julien-rag.git
   e470800..6f4b17b  main -> main
вң… Pushed to GitHub
рҹ“Ҡ Updated Tasks: 10/17 completed, 7 remaining
   Next task: Task 3.3: Implement similarity search functionality...
рҹ“Қ Iteration 127 at Thu Mar 12 09:28:05 PM EDT 2026...
вң“ Progress: Git commit found
рҹ“Ҡ Task attempt 8: Progress detected, continuing...
рҹ“ҡ Loading context from previous iteration attempts...
   Found context in: iteration-126.md
рҹӨ– OpenCode processing: Task 3.3: Implement similarity search functionality
[0m
> build В· stepfun/step-3.5-flash:free
[0m
[91m[1mError: [0mUser not found.
рҹ“қ Log saved: logs/iteration-127.md
рҹ“Ҡ Token Usage: 4750 / Session: 37750 / 64000
