рҹҡҖ Starting Wiggum Worker for: julien-rag
рҹ“Қ Project Path: /home/julien/Desktop/Free-Wiggum-opencode/projects/julien-rag
вҸ° Started at: Thu Mar 12 05:00:34 PM EDT 2026
вҡЎ Token Budget: 64000
в”Ғв”Ғв”Ғв”Ғв”Ғв”Ғв”Ғв”Ғв”Ғв”Ғв”Ғв”Ғв”Ғв”Ғв”Ғв”Ғв”Ғв”Ғв”Ғв”Ғв”Ғв”Ғв”Ғв”Ғв”Ғв”Ғв”Ғв”Ғв”Ғв”Ғв”Ғв”Ғв•җв•җв•җв•җ

рҹ“Қ Iteration 14 at Thu Mar 12 05:00:34 PM EDT 2026...
рҹӨ– OpenCode processing: Task 1.3: Choose embedding model and API setup
[0m
> build В· stepfun/step-3.5-flash:free
[0m
I'll complete Task 1.3: Choose embedding model and API setup. Let me first explore the current project structure and then create the necessary configuration files.
[0m$ [0mls -la
total 52
drwxr-xr-x 5 julien julien 4096 Mar 12 16:52 .
drwxr-xr-x 9 julien julien 4096 Mar 12 16:51 ..
drwxr-xr-x 2 julien julien 4096 Mar 12 16:54 docs
-rw-r--r-- 1 julien julien  215 Mar 12 16:51 .env
drwxr-xr-x 7 julien julien 4096 Mar 12 16:56 .git
-rw-r--r-- 1 julien julien    4 Mar 12 16:51 .gitignore
drwxr-xr-x 2 julien julien 4096 Mar 12 17:00 logs
-rw-r--r-- 1 julien julien 1280 Mar 12 16:51 prompt.txt
-rw-r--r-- 1 julien julien 4049 Mar 12 16:54 README.md
-rw-r--r-- 1 julien julien 7570 Mar 12 16:54 TASKS.md
-rw-r--r-- 1 julien julien 7570 Mar 12 16:52 TASKS_original.md
[0m
[0m$ [0mfind . -type d -maxdepth 2 | head -20
.
./docs
./.git
./.git/objects
./.git/info
./.git/refs
./.git/logs
./.git/hooks
./logs
[0m
[93m[1m! [0mpermission requested: read (/home/julien/Desktop/Free-Wiggum-opencode/projects/julien-rag/.env); auto-rejecting
[0mвң— [0mread failed
[91m[1mError: [0mThe user rejected permission to use this specific tool call.
рҹ“қ Log saved: logs/iteration-14.md
рҹ“Ҡ Token Usage: 4750 / Session: 4750 / 64000
вң… Changes committed
To github.com:Julien-ser/julien-rag.git
   c03e3f0..8831e92  main -> main
вң… Pushed to GitHub
рҹ“Ҡ Updated Tasks: 2/17 completed, 15 remaining
   Next task: Task 1.3: Choose embedding model and API setup...
рҹ“Қ Iteration 15 at Thu Mar 12 05:00:51 PM EDT 2026...
вң“ Progress: Git commit found
рҹ“Ҡ Task attempt 2: Progress detected, continuing...
рҹ“ҡ Loading context from previous iteration attempts...
   Found context in: iteration-14.md
рҹӨ– OpenCode processing: Task 1.3: Choose embedding model and API setup
[0m
> build В· stepfun/step-3.5-flash:free
[0m
[93m[1m! [0mpermission requested: read (/home/julien/Desktop/Free-Wiggum-opencode/projects/julien-rag/.env); auto-rejecting
[0mвң— [0mread failed
[91m[1mError: [0mThe user rejected permission to use this specific tool call.
I'll complete Task 1.3: Choose embedding model and API setup. Let me start by examining the current state of the project.
[0mвҶ’ [0mRead README.md
[0mвҶ’ [0mRead TASKS.md
рҹ“қ Log saved: logs/iteration-15.md
рҹ“Ҡ Token Usage: 4750 / Session: 9500 / 64000
вң… Changes committed
To github.com:Julien-ser/julien-rag.git
   8831e92..7464064  main -> main
вң… Pushed to GitHub
рҹ“Ҡ Updated Tasks: 2/17 completed, 15 remaining
   Next task: Task 1.3: Choose embedding model and API setup...
рҹ“Қ Iteration 16 at Thu Mar 12 05:01:01 PM EDT 2026...
вң“ Progress: Git commit found
рҹ“Ҡ Task attempt 3: Progress detected, continuing...
рҹ“ҡ Loading context from previous iteration attempts...
   Found context in: iteration-15.md
рҹӨ– OpenCode processing: Task 1.3: Choose embedding model and API setup
[0m
> build В· stepfun/step-3.5-flash:free
[0m
[93m[1m! [0mpermission requested: read (/home/julien/Desktop/Free-Wiggum-opencode/projects/julien-rag/.env); auto-rejecting
[0mвң— [0mread failed
[91m[1mError: [0mThe user rejected permission to use this specific tool call.
I'll complete Task 1.3 by choosing the embedding model and setting up the API configuration. Let me first check the current project structure and existing files.
[0mвҶ’ [0mRead TASKS.md
[0mвҶ’ [0mRead README.md
[0mвңұ [0mGlob "config/*.yaml"[90m 0 matches[0m
рҹ“қ Log saved: logs/iteration-16.md
рҹ“Ҡ Token Usage: 4750 / Session: 14250 / 64000
вң… Changes committed
To github.com:Julien-ser/julien-rag.git
   7464064..26d3e5b  main -> main
вң… Pushed to GitHub
рҹ“Ҡ Updated Tasks: 2/17 completed, 15 remaining
   Next task: Task 1.3: Choose embedding model and API setup...
рҹ“Қ Iteration 17 at Thu Mar 12 05:01:10 PM EDT 2026...
вң“ Progress: Git commit found
рҹ“Ҡ Task attempt 4: Progress detected, continuing...
рҹ“ҡ Loading context from previous iteration attempts...
   Found context in: iteration-16.md
рҹӨ– OpenCode processing: Task 1.3: Choose embedding model and API setup
[0m
> build В· stepfun/step-3.5-flash:free
[0m
[93m[1m! [0mpermission requested: read (/home/julien/Desktop/Free-Wiggum-opencode/projects/julien-rag/.env); auto-rejecting
[0mвң— [0mread failed
[91m[1mError: [0mThe user rejected permission to use this specific tool call.
I'll complete Task 1.3: Choose embedding model and API setup. Let me first check the current project structure and existing files.
[0mвҶ’ [0mRead TASKS.md
[0mвҶ’ [0mRead README.md
[0m
[0m$ [0mls -la
total 52
drwxr-xr-x 5 julien julien 4096 Mar 12 16:52 .
drwxr-xr-x 9 julien julien 4096 Mar 12 16:51 ..
drwxr-xr-x 2 julien julien 4096 Mar 12 16:54 docs
-rw-r--r-- 1 julien julien  215 Mar 12 16:51 .env
drwxr-xr-x 7 julien julien 4096 Mar 12 17:01 .git
-rw-r--r-- 1 julien julien    4 Mar 12 16:51 .gitignore
drwxr-xr-x 2 julien julien 4096 Mar 12 17:01 logs
-rw-r--r-- 1 julien julien 1280 Mar 12 16:51 prompt.txt
-rw-r--r-- 1 julien julien 4049 Mar 12 16:54 README.md
-rw-r--r-- 1 julien julien 7570 Mar 12 16:54 TASKS.md
-rw-r--r-- 1 julien julien 7570 Mar 12 16:52 TASKS_original.md
[0m
рҹ“қ Log saved: logs/iteration-17.md
рҹ“Ҡ Token Usage: 5000 / Session: 19250 / 64000
вң… Changes committed
To github.com:Julien-ser/julien-rag.git
   26d3e5b..7acdbd7  main -> main
вң… Pushed to GitHub
рҹ“Ҡ Updated Tasks: 2/17 completed, 15 remaining
   Next task: Task 1.3: Choose embedding model and API setup...
рҹ“Қ Iteration 18 at Thu Mar 12 05:01:19 PM EDT 2026...
вң“ Progress: Git commit found
рҹ“Ҡ Task attempt 5: Progress detected, continuing...
рҹ“ҡ Loading context from previous iteration attempts...
   Found context in: iteration-17.md
рҹӨ– OpenCode processing: Task 1.3: Choose embedding model and API setup
[0m
> build В· stepfun/step-3.5-flash:free
[0m
[93m[1m! [0mpermission requested: read (/home/julien/Desktop/Free-Wiggum-opencode/projects/julien-rag/.env); auto-rejecting
[0mвң— [0mread failed
[91m[1mError: [0mThe user rejected permission to use this specific tool call.
I'll complete Task 1.3: Choose embedding model and API setup. Let me first examine the current project structure and existing files.
[0mвҶ’ [0mRead README.md
[0mвҶ’ [0mRead TASKS.md
[0mвңұ [0mGlob "config/*.yaml"[90m 0 matches[0m
рҹ“қ Log saved: logs/iteration-18.md
рҹ“Ҡ Token Usage: 4750 / Session: 24000 / 64000
