рҹҡҖ Starting Wiggum Worker for: julien-rag
рҹ“Қ Project Path: /home/julien/Desktop/Free-Wiggum-opencode/projects/julien-rag
вҸ° Started at: Thu Mar 12 09:18:55 PM EDT 2026
вҡЎ Token Budget: 64000
в”Ғв”Ғв”Ғв”Ғв”Ғв”Ғв”Ғв”Ғв”Ғв”Ғв”Ғв”Ғв”Ғв”Ғв”Ғв”Ғв”Ғв”Ғв”Ғв”Ғв”Ғв”Ғв”Ғв”Ғв”Ғв”Ғв”Ғв”Ғв”Ғв”Ғв”Ғв”Ғв•җв•җв•җв•җ

рҹ“Қ Iteration 50 at Thu Mar 12 09:18:55 PM EDT 2026...
рҹӨ– OpenCode processing: Task 3.3: Implement similarity search functionality
[0m
> build В· stepfun/step-3.5-flash:free
[0m
[91m[1mError: [0mUser not found.
рҹ“қ Log saved: logs/iteration-50.md
рҹ“Ҡ Token Usage: 4500 / Session: 4500 / 64000
вң… Changes committed
To github.com:Julien-ser/julien-rag.git
   45c9b3e..0e627ef  main -> main
вң… Pushed to GitHub
рҹ“Ҡ Updated Tasks: 10/17 completed, 7 remaining
   Next task: Task 3.3: Implement similarity search functionality...
рҹ“Қ Iteration 51 at Thu Mar 12 09:19:01 PM EDT 2026...
вң“ Progress: Git commit found
рҹ“Ҡ Task attempt 2: Progress detected, continuing...
рҹ“ҡ Loading context from previous iteration attempts...
   Found context in: iteration-50.md
рҹӨ– OpenCode processing: Task 3.3: Implement similarity search functionality
[0m
> build В· stepfun/step-3.5-flash:free
[0m
[91m[1mError: [0mUser not found.
рҹ“қ Log saved: logs/iteration-51.md
рҹ“Ҡ Token Usage: 4750 / Session: 9250 / 64000
вң… Changes committed
To github.com:Julien-ser/julien-rag.git
   0e627ef..4d45452  main -> main
вң… Pushed to GitHub
рҹ“Ҡ Updated Tasks: 10/17 completed, 7 remaining
   Next task: Task 3.3: Implement similarity search functionality...
рҹ“Қ Iteration 52 at Thu Mar 12 09:19:07 PM EDT 2026...
вң“ Progress: Git commit found
рҹ“Ҡ Task attempt 3: Progress detected, continuing...
рҹ“ҡ Loading context from previous iteration attempts...
   Found context in: iteration-51.md
рҹӨ– OpenCode processing: Task 3.3: Implement similarity search functionality
[0m
> build В· stepfun/step-3.5-flash:free
[0m
[91m[1mError: [0mUser not found.
рҹ“қ Log saved: logs/iteration-52.md
рҹ“Ҡ Token Usage: 4750 / Session: 14000 / 64000
вң… Changes committed
To github.com:Julien-ser/julien-rag.git
   4d45452..40edea9  main -> main
вң… Pushed to GitHub
рҹ“Ҡ Updated Tasks: 10/17 completed, 7 remaining
   Next task: Task 3.3: Implement similarity search functionality...
рҹ“Қ Iteration 53 at Thu Mar 12 09:19:14 PM EDT 2026...
вң“ Progress: Git commit found
рҹ“Ҡ Task attempt 4: Progress detected, continuing...
рҹ“ҡ Loading context from previous iteration attempts...
   Found context in: iteration-52.md
рҹӨ– OpenCode processing: Task 3.3: Implement similarity search functionality
[0m
> build В· stepfun/step-3.5-flash:free
[0m
[91m[1mError: [0mUser not found.
рҹ“қ Log saved: logs/iteration-53.md
рҹ“Ҡ Token Usage: 4750 / Session: 18750 / 64000
вң… Changes committed
To github.com:Julien-ser/julien-rag.git
   40edea9..426cb90  main -> main
вң… Pushed to GitHub
рҹ“Ҡ Updated Tasks: 10/17 completed, 7 remaining
   Next task: Task 3.3: Implement similarity search functionality...
рҹ“Қ Iteration 54 at Thu Mar 12 09:19:20 PM EDT 2026...
вң“ Progress: Git commit found
рҹ“Ҡ Task attempt 5: Progress detected, continuing...
рҹ“ҡ Loading context from previous iteration attempts...
   Found context in: iteration-53.md
рҹӨ– OpenCode processing: Task 3.3: Implement similarity search functionality
[0m
> build В· stepfun/step-3.5-flash:free
[0m
[91m[1mError: [0mUser not found.
рҹ“қ Log saved: logs/iteration-54.md
рҹ“Ҡ Token Usage: 4750 / Session: 23500 / 64000
вң… Changes committed
To github.com:Julien-ser/julien-rag.git
   426cb90..1d82c21  main -> main
вң… Pushed to GitHub
рҹ“Ҡ Updated Tasks: 10/17 completed, 7 remaining
   Next task: Task 3.3: Implement similarity search functionality...
рҹ“Қ Iteration 55 at Thu Mar 12 09:19:25 PM EDT 2026...
вң“ Progress: Git commit found
рҹ“Ҡ Task attempt 6: Progress detected, continuing...
рҹ“ҡ Loading context from previous iteration attempts...
   Found context in: iteration-54.md
рҹӨ– OpenCode processing: Task 3.3: Implement similarity search functionality
[0m
> build В· stepfun/step-3.5-flash:free
[0m
[91m[1mError: [0mUser not found.
рҹ“қ Log saved: logs/iteration-55.md
рҹ“Ҡ Token Usage: 4750 / Session: 28250 / 64000
вң… Changes committed
To github.com:Julien-ser/julien-rag.git
   1d82c21..14a1808  main -> main
вң… Pushed to GitHub
рҹ“Ҡ Updated Tasks: 10/17 completed, 7 remaining
   Next task: Task 3.3: Implement similarity search functionality...
рҹ“Қ Iteration 56 at Thu Mar 12 09:19:31 PM EDT 2026...
вң“ Progress: Git commit found
рҹ“Ҡ Task attempt 7: Progress detected, continuing...
рҹ“ҡ Loading context from previous iteration attempts...
   Found context in: iteration-55.md
рҹӨ– OpenCode processing: Task 3.3: Implement similarity search functionality
[0m
> build В· stepfun/step-3.5-flash:free
[0m
[91m[1mError: [0mUser not found.
рҹ“қ Log saved: logs/iteration-56.md
рҹ“Ҡ Token Usage: 4750 / Session: 33000 / 64000
